#
# There is insufficient memory for the Java Runtime Environment to continue.
# Native memory allocation (malloc) failed to allocate 1287056 bytes for Chunk::new
# Possible reasons:
#   The system is out of physical RAM or swap space
#   The process is running with CompressedOops enabled, and the Java Heap may be blocking the growth of the native heap
# Possible solutions:
#   Reduce memory load on the system
#   Increase physical memory or swap space
#   Check if swap backing store is full
#   Decrease Java heap size (-Xmx/-Xms)
#   Decrease number of Java threads
#   Decrease Java thread stack sizes (-Xss)
#   Set larger code cache with -XX:ReservedCodeCacheSize=
#   JVM is running with Unscaled Compressed Oops mode in which the Java heap is
#     placed in the first 4GB address space. The Java Heap base address is the
#     maximum limit for the native heap growth. Please use -XX:HeapBaseMinAddress
#     to set the Java Heap base and to place the Java Heap above 4GB virtual address.
# This output file may be truncated or incomplete.
#
#  Out of Memory Error (./src/hotspot/share/memory/arena.cpp:197), pid=6836, tid=7144
#
# JRE version: OpenJDK Runtime Environment (11.0.12+7) (build 11.0.12+7-b1504.28-7817840)
# Java VM: OpenJDK 64-Bit Server VM (11.0.12+7-b1504.28-7817840, mixed mode, tiered, compressed oops, g1 gc, windows-amd64)
# No core dump will be written. Minidumps are not enabled by default on client versions of Windows
#

---------------  S U M M A R Y ------------

Command Line: --add-opens=java.base/java.util=ALL-UNNAMED --add-opens=java.base/java.lang=ALL-UNNAMED --add-opens=java.base/java.lang.invoke=ALL-UNNAMED --add-opens=java.base/java.util=ALL-UNNAMED --add-opens=java.prefs/java.util.prefs=ALL-UNNAMED --add-opens=java.prefs/java.util.prefs=ALL-UNNAMED --add-opens=java.base/java.nio.charset=ALL-UNNAMED --add-opens=java.base/java.net=ALL-UNNAMED --add-opens=java.base/java.util.concurrent.atomic=ALL-UNNAMED -Xmx2048m -Dfile.encoding=UTF-8 -Duser.country=US -Duser.language=en -Duser.variant org.gradle.launcher.daemon.bootstrap.GradleDaemon 7.3.3

Host: Intel(R) Core(TM) i7-6820HQ CPU @ 2.70GHz, 4 cores, 7G,  Windows 10 , 64 bit Build 17763 (10.0.17763.2300)
Time: Fri Jun 24 22:03:55 2022 SE Asia Standard Time elapsed time: 147.372477 seconds (0d 0h 2m 27s)

---------------  T H R E A D  ---------------

Current thread (0x000002141a4ae000):  JavaThread "C2 CompilerThread0" daemon [_thread_in_native, id=7144, stack(0x00000077b9900000,0x00000077b9a00000)]


Current CompileTask:
C2: 147372 16375   !   4       java.net.URL::<init> (543 bytes)

Stack: [0x00000077b9900000,0x00000077b9a00000]
Native frames: (J=compiled Java code, j=interpreted, Vv=VM code, C=native code)
V  [jvm.dll+0x5fbcea]
V  [jvm.dll+0x731905]
V  [jvm.dll+0x732f1d]
V  [jvm.dll+0x7335d3]
V  [jvm.dll+0x247bf8]
V  [jvm.dll+0xc018c]
V  [jvm.dll+0xc06cc]
V  [jvm.dll+0x35b31d]
V  [jvm.dll+0x328803]
V  [jvm.dll+0x327cfa]
V  [jvm.dll+0x200602]
V  [jvm.dll+0x1ff794]
V  [jvm.dll+0x18868c]
V  [jvm.dll+0x20e0d7]
V  [jvm.dll+0x20c901]
V  [jvm.dll+0x6f9b7f]
V  [jvm.dll+0x6f26a5]
V  [jvm.dll+0x5fabf6]
C  [ucrtbase.dll+0x2268a]
C  [KERNEL32.DLL+0x17974]
C  [ntdll.dll+0x5a2f1]


---------------  P R O C E S S  ---------------

Threads class SMR info:
_java_thread_list=0x000002142baa35c0, length=98, elements={
0x000002147ff2e800, 0x0000021419b25000, 0x0000021419b26000, 0x000002141a4a7800,
0x000002141a4a9800, 0x000002141a4ab000, 0x000002141a4ae000, 0x000002141a4af800,
0x000002141a4ec000, 0x000002141a5e1800, 0x000002141b4ec800, 0x000002141a582000,
0x000002141a582800, 0x000002141c28e800, 0x000002141c28f800, 0x000002141c2ec800,
0x000002141c2ed800, 0x000002141b6ff000, 0x000002141b6f9000, 0x000002141b6f9800,
0x000002141b6f7000, 0x000002141b6fd800, 0x000002141b6f8000, 0x000002141b6fa800,
0x000002141b6fb000, 0x000002141b6fc000, 0x000002141b6fd000, 0x000002141ef41000,
0x000002141ef42800, 0x000002141ef3e800, 0x000002141ef40000, 0x000002141ef41800,
0x000002141ef43800, 0x000002141ef3d800, 0x000002141ef46800, 0x000002141ef47800,
0x000002141ef46000, 0x000002141ef48800, 0x000002141ef4a000, 0x000002141ef49000,
0x000002141ef44000, 0x000002141ef45000, 0x000002141ef4a800, 0x000002141ef4b800,
0x000002141a8a6800, 0x000002141a8a5800, 0x000002141a8a4000, 0x000002141a8a3000,
0x000002141a8a5000, 0x000002141a8a7800, 0x000002141a8a8000, 0x000002141a8a2800,
0x000002141a8ac000, 0x000002141a8aa800, 0x000002141a8ae000, 0x000002141a8ad000,
0x000002141a8ab800, 0x000002141a8a9000, 0x000002141a8ae800, 0x000002141a8af800,
0x000002141a8aa000, 0x000002141a8b0800, 0x000002141a8b1000, 0x000002141ee9d000,
0x000002141ee9d800, 0x000002141ee9e800, 0x000002141ee9b000, 0x000002141ee9c000,
0x000002141ee9f800, 0x000002141eea0000, 0x000002141ee9a800, 0x000002141eea5000,
0x000002141eea1000, 0x000002141eea6000, 0x000002141eea4000, 0x000002141eea6800,
0x000002141eea7800, 0x000002141eea1800, 0x000002141eea2800, 0x000002141eea3800,
0x000002141eea9000, 0x00000214227f7800, 0x00000214227f7000, 0x00000214227f2000,
0x00000214227f4800, 0x00000214227f2800, 0x00000214227f3800, 0x00000214227f8800,
0x00000214227fb000, 0x00000214227f9000, 0x00000214227fa000, 0x00000214227fc800,
0x00000214227ff800, 0x00000214227fb800, 0x00000214227f5000, 0x00000214227fd800,
0x00000214227fe000, 0x0000021422800800
}

Java Threads: ( => current thread )
  0x000002147ff2e800 JavaThread "main" [_thread_blocked, id=8324, stack(0x00000077b8d00000,0x00000077b8e00000)]
  0x0000021419b25000 JavaThread "Reference Handler" daemon [_thread_blocked, id=5384, stack(0x00000077b9400000,0x00000077b9500000)]
  0x0000021419b26000 JavaThread "Finalizer" daemon [_thread_blocked, id=5192, stack(0x00000077b9500000,0x00000077b9600000)]
  0x000002141a4a7800 JavaThread "Signal Dispatcher" daemon [_thread_blocked, id=8556, stack(0x00000077b9600000,0x00000077b9700000)]
  0x000002141a4a9800 JavaThread "Attach Listener" daemon [_thread_blocked, id=4436, stack(0x00000077b9700000,0x00000077b9800000)]
  0x000002141a4ab000 JavaThread "Service Thread" daemon [_thread_blocked, id=5088, stack(0x00000077b9800000,0x00000077b9900000)]
=>0x000002141a4ae000 JavaThread "C2 CompilerThread0" daemon [_thread_in_native, id=7144, stack(0x00000077b9900000,0x00000077b9a00000)]
  0x000002141a4af800 JavaThread "C1 CompilerThread0" daemon [_thread_blocked, id=5984, stack(0x00000077b9a00000,0x00000077b9b00000)]
  0x000002141a4ec000 JavaThread "Sweeper thread" daemon [_thread_blocked, id=6772, stack(0x00000077b9b00000,0x00000077b9c00000)]
  0x000002141a5e1800 JavaThread "Common-Cleaner" daemon [_thread_blocked, id=4172, stack(0x00000077b9c00000,0x00000077b9d00000)]
  0x000002141b4ec800 JavaThread "Daemon health stats" [_thread_blocked, id=7288, stack(0x00000077b9e00000,0x00000077b9f00000)]
  0x000002141a582000 JavaThread "Incoming local TCP Connector on port 58870" [_thread_in_native, id=10452, stack(0x00000077ba100000,0x00000077ba200000)]
  0x000002141a582800 JavaThread "Daemon periodic checks" [_thread_blocked, id=10024, stack(0x00000077ba200000,0x00000077ba300000)]
  0x000002141c28e800 JavaThread "Daemon" [_thread_blocked, id=8488, stack(0x00000077ba300000,0x00000077ba400000)]
  0x000002141c28f800 JavaThread "Handler for socket connection from /127.0.0.1:58870 to /127.0.0.1:58872" [_thread_in_native, id=10780, stack(0x00000077ba400000,0x00000077ba500000)]
  0x000002141c2ec800 JavaThread "Cancel handler" [_thread_blocked, id=816, stack(0x00000077ba500000,0x00000077ba600000)]
  0x000002141c2ed800 JavaThread "Daemon worker" [_thread_blocked, id=10228, stack(0x00000077ba600000,0x00000077ba700000)]
  0x000002141b6ff000 JavaThread "Asynchronous log dispatcher for DefaultDaemonConnection: socket connection from /127.0.0.1:58870 to /127.0.0.1:58872" [_thread_blocked, id=10724, stack(0x00000077ba700000,0x00000077ba800000)]
  0x000002141b6f9000 JavaThread "Daemon client event forwarder" [_thread_blocked, id=5800, stack(0x00000077ba900000,0x00000077baa00000)]
  0x000002141b6f9800 JavaThread "Cache worker for journal cache (C:\Users\Admin\.gradle\caches\journal-1)" [_thread_blocked, id=9988, stack(0x00000077bab00000,0x00000077bac00000)]
  0x000002141b6f7000 JavaThread "File lock request listener" [_thread_in_native, id=5832, stack(0x00000077bac00000,0x00000077bad00000)]
  0x000002141b6fd800 JavaThread "Cache worker for file hash cache (C:\Users\Admin\.gradle\caches\7.3.3\fileHashes)" [_thread_blocked, id=5268, stack(0x00000077bad00000,0x00000077bae00000)]
  0x000002141b6f8000 JavaThread "Cache worker for file hash cache (D:\Android\Affirmations\.gradle\7.3.3\fileHashes)" [_thread_blocked, id=6096, stack(0x00000077bae00000,0x00000077baf00000)]
  0x000002141b6fa800 JavaThread "File watcher server" daemon [_thread_in_native, id=7752, stack(0x00000077baf00000,0x00000077bb000000)]
  0x000002141b6fb000 JavaThread "File watcher consumer" daemon [_thread_blocked, id=3152, stack(0x00000077bb000000,0x00000077bb100000)]
  0x000002141b6fc000 JavaThread "File lock release action executor" [_thread_blocked, id=7184, stack(0x00000077bb100000,0x00000077bb200000)]
  0x000002141b6fd000 JavaThread "Cache worker for checksums cache (D:\Android\Affirmations\.gradle\7.3.3\checksums)" [_thread_blocked, id=5608, stack(0x00000077bb200000,0x00000077bb300000)]
  0x000002141ef41000 JavaThread "Cache worker for cache directory md-supplier (C:\Users\Admin\.gradle\caches\7.3.3\md-supplier)" [_thread_blocked, id=2220, stack(0x00000077bb300000,0x00000077bb400000)]
  0x000002141ef42800 JavaThread "Cache worker for cache directory md-rule (C:\Users\Admin\.gradle\caches\7.3.3\md-rule)" [_thread_blocked, id=5344, stack(0x00000077bb400000,0x00000077bb500000)]
  0x000002141ef3e800 JavaThread "Cache worker for execution history cache (C:\Users\Admin\.gradle\caches\7.3.3\executionHistory)" [_thread_blocked, id=10824, stack(0x00000077bb500000,0x00000077bb600000)]
  0x000002141ef40000 JavaThread "jar transforms" [_thread_blocked, id=6368, stack(0x00000077bb600000,0x00000077bb700000)]
  0x000002141ef41800 JavaThread "jar transforms Thread 2" [_thread_blocked, id=7404, stack(0x00000077bb700000,0x00000077bb800000)]
  0x000002141ef43800 JavaThread "Cache worker for file content cache (C:\Users\Admin\.gradle\caches\7.3.3\fileContent)" [_thread_blocked, id=9780, stack(0x00000077bb800000,0x00000077bb900000)]
  0x000002141ef3d800 JavaThread "jar transforms Thread 3" [_thread_blocked, id=912, stack(0x00000077bb900000,0x00000077bba00000)]
  0x000002141ef46800 JavaThread "jar transforms Thread 4" [_thread_blocked, id=9580, stack(0x00000077bba00000,0x00000077bbb00000)]
  0x000002141ef47800 JavaThread "Cache worker for dependencies-accessors (D:\Android\Affirmations\.gradle\7.3.3\dependencies-accessors)" [_thread_blocked, id=9904, stack(0x00000077bbb00000,0x00000077bbc00000)]
  0x000002141ef46000 JavaThread "Cache worker for Build Output Cleanup Cache (D:\Android\Affirmations\.gradle\buildOutputCleanup)" [_thread_blocked, id=9012, stack(0x00000077bbc00000,0x00000077bbd00000)]
  0x000002141ef48800 JavaThread "Unconstrained build operations" [_thread_blocked, id=11084, stack(0x00000077bbf00000,0x00000077bc000000)]
  0x000002141ef4a000 JavaThread "Unconstrained build operations Thread 2" [_thread_blocked, id=1260, stack(0x00000077bc000000,0x00000077bc100000)]
  0x000002141ef49000 JavaThread "Unconstrained build operations Thread 3" [_thread_blocked, id=4156, stack(0x00000077bc100000,0x00000077bc200000)]
  0x000002141ef44000 JavaThread "Unconstrained build operations Thread 4" [_thread_blocked, id=2144, stack(0x00000077bc200000,0x00000077bc300000)]
  0x000002141ef45000 JavaThread "Unconstrained build operations Thread 5" [_thread_blocked, id=5716, stack(0x00000077bc300000,0x00000077bc400000)]
  0x000002141ef4a800 JavaThread "Unconstrained build operations Thread 6" [_thread_blocked, id=180, stack(0x00000077bc400000,0x00000077bc500000)]
  0x000002141ef4b800 JavaThread "Unconstrained build operations Thread 7" [_thread_blocked, id=2064, stack(0x00000077bc500000,0x00000077bc600000)]
  0x000002141a8a6800 JavaThread "Unconstrained build operations Thread 8" [_thread_blocked, id=7024, stack(0x00000077bc600000,0x00000077bc700000)]
  0x000002141a8a5800 JavaThread "Unconstrained build operations Thread 9" [_thread_blocked, id=1912, stack(0x00000077bc700000,0x00000077bc800000)]
  0x000002141a8a4000 JavaThread "Unconstrained build operations Thread 10" [_thread_blocked, id=10584, stack(0x00000077bc800000,0x00000077bc900000)]
  0x000002141a8a3000 JavaThread "Unconstrained build operations Thread 11" [_thread_blocked, id=1772, stack(0x00000077bc900000,0x00000077bca00000)]
  0x000002141a8a5000 JavaThread "Unconstrained build operations Thread 12" [_thread_blocked, id=6156, stack(0x00000077bca00000,0x00000077bcb00000)]
  0x000002141a8a7800 JavaThread "Unconstrained build operations Thread 13" [_thread_blocked, id=2560, stack(0x00000077bcb00000,0x00000077bcc00000)]
  0x000002141a8a8000 JavaThread "Unconstrained build operations Thread 14" [_thread_blocked, id=6276, stack(0x00000077bcc00000,0x00000077bcd00000)]
  0x000002141a8a2800 JavaThread "Unconstrained build operations Thread 15" [_thread_blocked, id=10020, stack(0x00000077bcd00000,0x00000077bce00000)]
  0x000002141a8ac000 JavaThread "Unconstrained build operations Thread 16" [_thread_blocked, id=8036, stack(0x00000077bce00000,0x00000077bcf00000)]
  0x000002141a8aa800 JavaThread "Unconstrained build operations Thread 17" [_thread_blocked, id=3648, stack(0x00000077bcf00000,0x00000077bd000000)]
  0x000002141a8ae000 JavaThread "Unconstrained build operations Thread 18" [_thread_blocked, id=7348, stack(0x00000077bd000000,0x00000077bd100000)]
  0x000002141a8ad000 JavaThread "Unconstrained build operations Thread 19" [_thread_blocked, id=10984, stack(0x00000077bd100000,0x00000077bd200000)]
  0x000002141a8ab800 JavaThread "Unconstrained build operations Thread 20" [_thread_blocked, id=4936, stack(0x00000077bd200000,0x00000077bd300000)]
  0x000002141a8a9000 JavaThread "Unconstrained build operations Thread 21" [_thread_blocked, id=964, stack(0x00000077bd300000,0x00000077bd400000)]
  0x000002141a8ae800 JavaThread "Unconstrained build operations Thread 22" [_thread_blocked, id=10200, stack(0x00000077bd400000,0x00000077bd500000)]
  0x000002141a8af800 JavaThread "Unconstrained build operations Thread 23" [_thread_blocked, id=8160, stack(0x00000077bd500000,0x00000077bd600000)]
  0x000002141a8aa000 JavaThread "Unconstrained build operations Thread 24" [_thread_blocked, id=8408, stack(0x00000077bd600000,0x00000077bd700000)]
  0x000002141a8b0800 JavaThread "Unconstrained build operations Thread 25" [_thread_blocked, id=3108, stack(0x00000077bd700000,0x00000077bd800000)]
  0x000002141a8b1000 JavaThread "Unconstrained build operations Thread 26" [_thread_blocked, id=9100, stack(0x00000077bd800000,0x00000077bd900000)]
  0x000002141ee9d000 JavaThread "Unconstrained build operations Thread 27" [_thread_blocked, id=6976, stack(0x00000077bd900000,0x00000077bda00000)]
  0x000002141ee9d800 JavaThread "Unconstrained build operations Thread 28" [_thread_blocked, id=7068, stack(0x00000077bda00000,0x00000077bdb00000)]
  0x000002141ee9e800 JavaThread "Unconstrained build operations Thread 29" [_thread_blocked, id=2240, stack(0x00000077bdb00000,0x00000077bdc00000)]
  0x000002141ee9b000 JavaThread "Unconstrained build operations Thread 30" [_thread_blocked, id=7160, stack(0x00000077bdc00000,0x00000077bdd00000)]
  0x000002141ee9c000 JavaThread "Unconstrained build operations Thread 31" [_thread_blocked, id=10604, stack(0x00000077bdd00000,0x00000077bde00000)]
  0x000002141ee9f800 JavaThread "Unconstrained build operations Thread 32" [_thread_blocked, id=2636, stack(0x00000077bde00000,0x00000077bdf00000)]
  0x000002141eea0000 JavaThread "Unconstrained build operations Thread 33" [_thread_blocked, id=8176, stack(0x00000077bdf00000,0x00000077be000000)]
  0x000002141ee9a800 JavaThread "Unconstrained build operations Thread 34" [_thread_blocked, id=3732, stack(0x00000077be000000,0x00000077be100000)]
  0x000002141eea5000 JavaThread "Unconstrained build operations Thread 35" [_thread_blocked, id=2300, stack(0x00000077be100000,0x00000077be200000)]
  0x000002141eea1000 JavaThread "Unconstrained build operations Thread 36" [_thread_blocked, id=740, stack(0x00000077be200000,0x00000077be300000)]
  0x000002141eea6000 JavaThread "Unconstrained build operations Thread 37" [_thread_blocked, id=7196, stack(0x00000077be300000,0x00000077be400000)]
  0x000002141eea4000 JavaThread "Unconstrained build operations Thread 38" [_thread_blocked, id=4044, stack(0x00000077be400000,0x00000077be500000)]
  0x000002141eea6800 JavaThread "Unconstrained build operations Thread 39" [_thread_blocked, id=7692, stack(0x00000077be500000,0x00000077be600000)]
  0x000002141eea7800 JavaThread "Unconstrained build operations Thread 40" [_thread_blocked, id=10424, stack(0x00000077be600000,0x00000077be700000)]
  0x000002141eea1800 JavaThread "Memory manager" [_thread_blocked, id=4560, stack(0x00000077be700000,0x00000077be800000)]
  0x000002141eea2800 JavaThread "pool-3-thread-1" [_thread_blocked, id=5220, stack(0x00000077b8b00000,0x00000077b8c00000)]
  0x000002141eea3800 JavaThread "build event listener" [_thread_blocked, id=6236, stack(0x00000077b8c00000,0x00000077b8d00000)]
  0x000002141eea9000 JavaThread "Execution worker for ':'" [_thread_blocked, id=3504, stack(0x00000077ba800000,0x00000077ba900000)]
  0x00000214227f7800 JavaThread "Execution worker for ':' Thread 2" [_thread_blocked, id=32, stack(0x00000077be800000,0x00000077be900000)]
  0x00000214227f7000 JavaThread "Execution worker for ':' Thread 3" [_thread_blocked, id=9700, stack(0x00000077be900000,0x00000077bea00000)]
  0x00000214227f2000 JavaThread "Cache worker for execution history cache (D:\Android\Affirmations\.gradle\7.3.3\executionHistory)" [_thread_blocked, id=5296, stack(0x00000077bea00000,0x00000077beb00000)]
  0x00000214227f4800 JavaThread "File lock release action executor Thread 2" [_thread_blocked, id=9428, stack(0x00000077beb00000,0x00000077bec00000)]
  0x00000214227f2800 JavaThread "Cache worker for Java compile cache (C:\Users\Admin\.gradle\caches\7.3.3\javaCompile)" [_thread_blocked, id=7708, stack(0x00000077bed00000,0x00000077bee00000)]
  0x00000214227f3800 JavaThread "Build operations" [_thread_blocked, id=384, stack(0x00000077bec00000,0x00000077bed00000)]
  0x00000214227f8800 JavaThread "Build operations Thread 2" [_thread_blocked, id=2812, stack(0x00000077bee00000,0x00000077bef00000)]
  0x00000214227fb000 JavaThread "Build operations Thread 3" [_thread_blocked, id=6560, stack(0x00000077bef00000,0x00000077bf000000)]
  0x00000214227f9000 JavaThread "Build operations Thread 4" [_thread_blocked, id=8236, stack(0x00000077bf000000,0x00000077bf100000)]
  0x00000214227fa000 JavaThread "WorkerExecutor Queue" [_thread_blocked, id=2480, stack(0x00000077bbd00000,0x00000077bbe00000)]
  0x00000214227fc800 JavaThread "WorkerExecutor Queue Thread 3" [_thread_blocked, id=6400, stack(0x00000077bf300000,0x00000077bf400000)]
  0x00000214227ff800 JavaThread "WorkerExecutor Queue Thread 6" [_thread_blocked, id=7088, stack(0x00000077bf400000,0x00000077bf500000)]
  0x00000214227fb800 JavaThread "WorkerExecutor Queue Thread 7" [_thread_blocked, id=8884, stack(0x00000077bf500000,0x00000077bf600000)]
  0x00000214227f5000 JavaThread "C2 CompilerThread1" daemon [_thread_blocked, id=6252, stack(0x00000077bf100000,0x00000077bf200000)]
  0x00000214227fd800 JavaThread "ForkJoinPool.commonPool-worker-3" daemon [_thread_in_native, id=1224, stack(0x00000077bf200000,0x00000077bf300000)]
  0x00000214227fe000 JavaThread "ForkJoinPool.commonPool-worker-5" daemon [_thread_blocked, id=5468, stack(0x00000077bf600000,0x00000077bf700000)]
  0x0000021422800800 JavaThread "ForkJoinPool.commonPool-worker-7" daemon [_thread_in_native, id=1332, stack(0x00000077bf700000,0x00000077bf800000)]

Other Threads:
  0x0000021419b20000 VMThread "VM Thread" [stack: 0x00000077b9300000,0x00000077b9400000] [id=9584]
  0x000002141a610800 WatcherThread [stack: 0x00000077b9d00000,0x00000077b9e00000] [id=4940]
  0x000002147ff48000 GCTaskThread "GC Thread#0" [stack: 0x00000077b8e00000,0x00000077b8f00000] [id=988]
  0x000002141a7e5000 GCTaskThread "GC Thread#1" [stack: 0x00000077b9f00000,0x00000077ba000000] [id=4600]
  0x000002141a7e6000 GCTaskThread "GC Thread#2" [stack: 0x00000077ba000000,0x00000077ba100000] [id=2116]
  0x000002141b3b3000 GCTaskThread "GC Thread#3" [stack: 0x00000077baa00000,0x00000077bab00000] [id=4904]
  0x000002147ff78000 ConcurrentGCThread "G1 Main Marker" [stack: 0x00000077b8f00000,0x00000077b9000000] [id=10496]
  0x000002147ff7a800 ConcurrentGCThread "G1 Conc#0" [stack: 0x00000077b9000000,0x00000077b9100000] [id=4288]
  0x0000021419970800 ConcurrentGCThread "G1 Refine#0" [stack: 0x00000077b9100000,0x00000077b9200000] [id=2628]
  0x0000021419971800 ConcurrentGCThread "G1 Young RemSet Sampling" [stack: 0x00000077b9200000,0x00000077b9300000] [id=6160]

Threads with active compile tasks:
C2 CompilerThread0 147408 16375   !   4       java.net.URL::<init> (543 bytes)

VM state:not at safepoint (normal execution)

VM Mutex/Monitor currently owned by a thread: None

Heap address: 0x0000000080000000, size: 2048 MB, Compressed Oops mode: 32-bit
Narrow klass base: 0x0000000000000000, Narrow klass shift: 3
Compressed class space size: 1073741824 Address: 0x0000000100000000

Heap:
 garbage-first heap   total 286720K, used 194952K [0x0000000080000000, 0x0000000100000000)
  region size 1024K, 8 young (8192K), 6 survivors (6144K)
 Metaspace       used 120959K, capacity 124346K, committed 124632K, reserved 1157120K
  class space    used 15679K, capacity 16982K, committed 17112K, reserved 1048576K
Heap Regions: E=young(eden), S=young(survivor), O=old, HS=humongous(starts), HC=humongous(continues), CS=collection set, F=free, A=archive, TAMS=top-at-mark-start (previous, next)
|   0|0x0000000080000000, 0x00000000800fc6b0, 0x0000000080100000| 98%| O|  |TAMS 0x0000000080000000, 0x00000000800fc6b0| Untracked 
|   1|0x0000000080100000, 0x00000000801ffff8, 0x0000000080200000| 99%| O|  |TAMS 0x0000000080100000, 0x00000000801ffff8| Untracked 
|   2|0x0000000080200000, 0x00000000802fffe8, 0x0000000080300000| 99%| O|  |TAMS 0x0000000080200000, 0x00000000802fffe8| Untracked 
|   3|0x0000000080300000, 0x0000000080400000, 0x0000000080400000|100%|HS|  |TAMS 0x0000000080300000, 0x0000000080400000| Untracked 
|   4|0x0000000080400000, 0x0000000080500000, 0x0000000080500000|100%|HC|  |TAMS 0x0000000080400000, 0x0000000080500000| Untracked 
|   5|0x0000000080500000, 0x0000000080600000, 0x0000000080600000|100%|HC|  |TAMS 0x0000000080500000, 0x0000000080600000| Untracked 
|   6|0x0000000080600000, 0x00000000806b9f08, 0x0000000080700000| 72%| O|  |TAMS 0x0000000080600000, 0x00000000806b9f08| Untracked 
|   7|0x0000000080700000, 0x00000000807fff20, 0x0000000080800000| 99%| O|  |TAMS 0x0000000080700000, 0x00000000807fff20| Untracked 
|   8|0x0000000080800000, 0x00000000808fffd8, 0x0000000080900000| 99%| O|  |TAMS 0x0000000080800000, 0x00000000808fffd8| Untracked 
|   9|0x0000000080900000, 0x00000000809ec150, 0x0000000080a00000| 92%| O|  |TAMS 0x0000000080900000, 0x00000000809ec150| Untracked 
|  10|0x0000000080a00000, 0x0000000080ac3770, 0x0000000080b00000| 76%| O|  |TAMS 0x0000000080a00000, 0x0000000080ac3770| Untracked 
|  11|0x0000000080b00000, 0x0000000080bff450, 0x0000000080c00000| 99%| O|  |TAMS 0x0000000080b00000, 0x0000000080bff450| Untracked 
|  12|0x0000000080c00000, 0x0000000080cfffd0, 0x0000000080d00000| 99%| O|  |TAMS 0x0000000080c00000, 0x0000000080cfffd0| Untracked 
|  13|0x0000000080d00000, 0x0000000080df7ef0, 0x0000000080e00000| 96%| O|  |TAMS 0x0000000080d00000, 0x0000000080df7ef0| Untracked 
|  14|0x0000000080e00000, 0x0000000080f00000, 0x0000000080f00000|100%| O|  |TAMS 0x0000000080e00000, 0x0000000080f00000| Untracked 
|  15|0x0000000080f00000, 0x0000000080fffff0, 0x0000000081000000| 99%| O|  |TAMS 0x0000000080f00000, 0x0000000080fffff0| Untracked 
|  16|0x0000000081000000, 0x00000000810ffff0, 0x0000000081100000| 99%| O|  |TAMS 0x0000000081000000, 0x00000000810ffff0| Untracked 
|  17|0x0000000081100000, 0x0000000081200000, 0x0000000081200000|100%|HS|  |TAMS 0x0000000081100000, 0x0000000081200000| Untracked 
|  18|0x0000000081200000, 0x00000000812ffff8, 0x0000000081300000| 99%| O|  |TAMS 0x0000000081200000, 0x00000000812ffff8| Untracked 
|  19|0x0000000081300000, 0x0000000081400000, 0x0000000081400000|100%| O|  |TAMS 0x0000000081300000, 0x0000000081400000| Untracked 
|  20|0x0000000081400000, 0x00000000814fffe0, 0x0000000081500000| 99%| O|  |TAMS 0x0000000081400000, 0x00000000814fffe0| Untracked 
|  21|0x0000000081500000, 0x00000000815fffc8, 0x0000000081600000| 99%| O|  |TAMS 0x0000000081500000, 0x00000000815fffc8| Untracked 
|  22|0x0000000081600000, 0x00000000816ffff8, 0x0000000081700000| 99%| O|  |TAMS 0x0000000081600000, 0x00000000816ffff8| Untracked 
|  23|0x0000000081700000, 0x00000000817fffd0, 0x0000000081800000| 99%| O|  |TAMS 0x0000000081700000, 0x00000000817fffd0| Untracked 
|  24|0x0000000081800000, 0x00000000818fffd0, 0x0000000081900000| 99%| O|  |TAMS 0x0000000081800000, 0x00000000818fffd0| Untracked 
|  25|0x0000000081900000, 0x0000000081a00000, 0x0000000081a00000|100%| O|  |TAMS 0x0000000081900000, 0x0000000081a00000| Untracked 
|  26|0x0000000081a00000, 0x0000000081affff0, 0x0000000081b00000| 99%| O|  |TAMS 0x0000000081a00000, 0x0000000081affff0| Untracked 
|  27|0x0000000081b00000, 0x0000000081c00000, 0x0000000081c00000|100%| O|  |TAMS 0x0000000081b00000, 0x0000000081c00000| Untracked 
|  28|0x0000000081c00000, 0x0000000081cffff8, 0x0000000081d00000| 99%| O|  |TAMS 0x0000000081c00000, 0x0000000081cffff8| Untracked 
|  29|0x0000000081d00000, 0x0000000081e00000, 0x0000000081e00000|100%|HS|  |TAMS 0x0000000081d00000, 0x0000000081e00000| Untracked 
|  30|0x0000000081e00000, 0x0000000081f00000, 0x0000000081f00000|100%|HS|  |TAMS 0x0000000081e00000, 0x0000000081f00000| Untracked 
|  31|0x0000000081f00000, 0x0000000082000000, 0x0000000082000000|100%|HS|  |TAMS 0x0000000081f00000, 0x0000000082000000| Untracked 
|  32|0x0000000082000000, 0x0000000082100000, 0x0000000082100000|100%|HC|  |TAMS 0x0000000082000000, 0x0000000082100000| Untracked 
|  33|0x0000000082100000, 0x0000000082200000, 0x0000000082200000|100%|HC|  |TAMS 0x0000000082100000, 0x0000000082200000| Untracked 
|  34|0x0000000082200000, 0x0000000082300000, 0x0000000082300000|100%|HS|  |TAMS 0x0000000082200000, 0x0000000082300000| Untracked 
|  35|0x0000000082300000, 0x0000000082400000, 0x0000000082400000|100%|HC|  |TAMS 0x0000000082300000, 0x0000000082400000| Untracked 
|  36|0x0000000082400000, 0x00000000824ffff0, 0x0000000082500000| 99%| O|  |TAMS 0x0000000082400000, 0x00000000824ffff0| Untracked 
|  37|0x0000000082500000, 0x00000000825fffe8, 0x0000000082600000| 99%| O|  |TAMS 0x0000000082500000, 0x00000000825fffe8| Untracked 
|  38|0x0000000082600000, 0x00000000826ff680, 0x0000000082700000| 99%| O|  |TAMS 0x0000000082600000, 0x00000000826ff680| Untracked 
|  39|0x0000000082700000, 0x00000000827ffa50, 0x0000000082800000| 99%| O|  |TAMS 0x0000000082700000, 0x00000000827ffa50| Untracked 
|  40|0x0000000082800000, 0x00000000828ffff0, 0x0000000082900000| 99%| O|  |TAMS 0x0000000082800000, 0x00000000828ffff0| Untracked 
|  41|0x0000000082900000, 0x00000000829f00c0, 0x0000000082a00000| 93%| O|  |TAMS 0x0000000082900000, 0x00000000829f00c0| Untracked 
|  42|0x0000000082a00000, 0x0000000082afff88, 0x0000000082b00000| 99%| O|  |TAMS 0x0000000082a00000, 0x0000000082afff88| Untracked 
|  43|0x0000000082b00000, 0x0000000082bfbbf8, 0x0000000082c00000| 98%| O|  |TAMS 0x0000000082b00000, 0x0000000082bfbbf8| Untracked 
|  44|0x0000000082c00000, 0x0000000082cff340, 0x0000000082d00000| 99%| O|  |TAMS 0x0000000082c00000, 0x0000000082cff340| Untracked 
|  45|0x0000000082d00000, 0x0000000082dd4380, 0x0000000082e00000| 82%| O|  |TAMS 0x0000000082d00000, 0x0000000082dd4380| Untracked 
|  46|0x0000000082e00000, 0x0000000082effff8, 0x0000000082f00000| 99%| O|  |TAMS 0x0000000082e00000, 0x0000000082effff8| Untracked 
|  47|0x0000000082f00000, 0x0000000082ffffd8, 0x0000000083000000| 99%| O|  |TAMS 0x0000000082f00000, 0x0000000082ffffd8| Untracked 
|  48|0x0000000083000000, 0x00000000830ffff8, 0x0000000083100000| 99%| O|  |TAMS 0x0000000083000000, 0x00000000830ffff8| Untracked 
|  49|0x0000000083100000, 0x0000000083200000, 0x0000000083200000|100%| O|  |TAMS 0x0000000083100000, 0x0000000083200000| Untracked 
|  50|0x0000000083200000, 0x00000000832fffe0, 0x0000000083300000| 99%| O|  |TAMS 0x0000000083200000, 0x00000000832fffe0| Untracked 
|  51|0x0000000083300000, 0x00000000833ffff8, 0x0000000083400000| 99%| O|  |TAMS 0x0000000083300000, 0x00000000833ffff8| Untracked 
|  52|0x0000000083400000, 0x00000000834ffff0, 0x0000000083500000| 99%| O|  |TAMS 0x0000000083400000, 0x00000000834ffff0| Untracked 
|  53|0x0000000083500000, 0x00000000835ffff0, 0x0000000083600000| 99%| O|  |TAMS 0x0000000083500000, 0x00000000835ffff0| Untracked 
|  54|0x0000000083600000, 0x00000000836fffe8, 0x0000000083700000| 99%| O|  |TAMS 0x0000000083600000, 0x00000000836fffe8| Untracked 
|  55|0x0000000083700000, 0x00000000837ffff0, 0x0000000083800000| 99%| O|  |TAMS 0x0000000083700000, 0x00000000837ffff0| Untracked 
|  56|0x0000000083800000, 0x00000000838ffff0, 0x0000000083900000| 99%| O|  |TAMS 0x0000000083800000, 0x00000000838ffff0| Untracked 
|  57|0x0000000083900000, 0x00000000839fffe8, 0x0000000083a00000| 99%| O|  |TAMS 0x0000000083900000, 0x00000000839fffe8| Untracked 
|  58|0x0000000083a00000, 0x0000000083b00000, 0x0000000083b00000|100%| O|  |TAMS 0x0000000083a00000, 0x0000000083b00000| Untracked 
|  59|0x0000000083b00000, 0x0000000083bffff8, 0x0000000083c00000| 99%| O|  |TAMS 0x0000000083b00000, 0x0000000083bffff8| Untracked 
|  60|0x0000000083c00000, 0x0000000083cffff0, 0x0000000083d00000| 99%| O|  |TAMS 0x0000000083c00000, 0x0000000083cffff0| Untracked 
|  61|0x0000000083d00000, 0x0000000083dff800, 0x0000000083e00000| 99%| O|  |TAMS 0x0000000083d00000, 0x0000000083dff800| Untracked 
|  62|0x0000000083e00000, 0x0000000083f00000, 0x0000000083f00000|100%| O|  |TAMS 0x0000000083e00000, 0x0000000083f00000| Untracked 
|  63|0x0000000083f00000, 0x0000000083ffffd8, 0x0000000084000000| 99%| O|  |TAMS 0x0000000083f00000, 0x0000000083ffffd8| Untracked 
|  64|0x0000000084000000, 0x0000000084100000, 0x0000000084100000|100%| O|  |TAMS 0x0000000084000000, 0x0000000084100000| Untracked 
|  65|0x0000000084100000, 0x00000000841ffff0, 0x0000000084200000| 99%| O|  |TAMS 0x0000000084100000, 0x00000000841ffff0| Untracked 
|  66|0x0000000084200000, 0x00000000842fffa8, 0x0000000084300000| 99%| O|  |TAMS 0x0000000084200000, 0x00000000842fffa8| Untracked 
|  67|0x0000000084300000, 0x00000000843fff70, 0x0000000084400000| 99%| O|  |TAMS 0x0000000084300000, 0x00000000843fff70| Untracked 
|  68|0x0000000084400000, 0x00000000844fff28, 0x0000000084500000| 99%| O|  |TAMS 0x0000000084400000, 0x00000000844fff28| Untracked 
|  69|0x0000000084500000, 0x00000000845fffc8, 0x0000000084600000| 99%| O|  |TAMS 0x0000000084500000, 0x00000000845fffc8| Untracked 
|  70|0x0000000084600000, 0x0000000084700000, 0x0000000084700000|100%| O|  |TAMS 0x0000000084600000, 0x0000000084700000| Untracked 
|  71|0x0000000084700000, 0x00000000847ffff0, 0x0000000084800000| 99%| O|  |TAMS 0x0000000084700000, 0x00000000847ffff0| Untracked 
|  72|0x0000000084800000, 0x00000000848ffff0, 0x0000000084900000| 99%| O|  |TAMS 0x0000000084800000, 0x00000000848ffff0| Untracked 
|  73|0x0000000084900000, 0x0000000084a00000, 0x0000000084a00000|100%| O|  |TAMS 0x0000000084900000, 0x0000000084a00000| Untracked 
|  74|0x0000000084a00000, 0x0000000084affff0, 0x0000000084b00000| 99%| O|  |TAMS 0x0000000084a00000, 0x0000000084affff0| Untracked 
|  75|0x0000000084b00000, 0x0000000084c00000, 0x0000000084c00000|100%| O|  |TAMS 0x0000000084b00000, 0x0000000084c00000| Untracked 
|  76|0x0000000084c00000, 0x0000000084cfffe8, 0x0000000084d00000| 99%| O|  |TAMS 0x0000000084c00000, 0x0000000084cfffe8| Untracked 
|  77|0x0000000084d00000, 0x0000000084dffff8, 0x0000000084e00000| 99%| O|  |TAMS 0x0000000084d00000, 0x0000000084dffff8| Untracked 
|  78|0x0000000084e00000, 0x0000000084f00000, 0x0000000084f00000|100%| O|  |TAMS 0x0000000084e00000, 0x0000000084f00000| Untracked 
|  79|0x0000000084f00000, 0x0000000084ffffe8, 0x0000000085000000| 99%| O|  |TAMS 0x0000000084f00000, 0x0000000084ffffe8| Untracked 
|  80|0x0000000085000000, 0x00000000850ffff0, 0x0000000085100000| 99%| O|  |TAMS 0x0000000085000000, 0x00000000850ffff0| Untracked 
|  81|0x0000000085100000, 0x00000000851ffff0, 0x0000000085200000| 99%| O|  |TAMS 0x0000000085100000, 0x00000000851ffff0| Untracked 
|  82|0x0000000085200000, 0x00000000852ffff0, 0x0000000085300000| 99%| O|  |TAMS 0x0000000085200000, 0x00000000852ffff0| Untracked 
|  83|0x0000000085300000, 0x00000000853ffff8, 0x0000000085400000| 99%| O|  |TAMS 0x0000000085300000, 0x00000000853ffff8| Untracked 
|  84|0x0000000085400000, 0x00000000854ffff0, 0x0000000085500000| 99%| O|  |TAMS 0x0000000085400000, 0x00000000854ffff0| Untracked 
|  85|0x0000000085500000, 0x00000000855fff20, 0x0000000085600000| 99%| O|  |TAMS 0x0000000085500000, 0x00000000855fff20| Untracked 
|  86|0x0000000085600000, 0x00000000856fcd98, 0x0000000085700000| 98%| O|  |TAMS 0x0000000085600000, 0x00000000856fcd98| Untracked 
|  87|0x0000000085700000, 0x00000000857fffe8, 0x0000000085800000| 99%| O|  |TAMS 0x0000000085700000, 0x00000000857fffe8| Untracked 
|  88|0x0000000085800000, 0x0000000085900000, 0x0000000085900000|100%| O|  |TAMS 0x0000000085800000, 0x0000000085900000| Untracked 
|  89|0x0000000085900000, 0x00000000859fffe8, 0x0000000085a00000| 99%| O|  |TAMS 0x0000000085900000, 0x00000000859fffe8| Untracked 
|  90|0x0000000085a00000, 0x0000000085afffe8, 0x0000000085b00000| 99%| O|  |TAMS 0x0000000085a00000, 0x0000000085afffe8| Untracked 
|  91|0x0000000085b00000, 0x0000000085bffe88, 0x0000000085c00000| 99%| O|  |TAMS 0x0000000085b00000, 0x0000000085bffe88| Untracked 
|  92|0x0000000085c00000, 0x0000000085cffff0, 0x0000000085d00000| 99%| O|  |TAMS 0x0000000085c00000, 0x0000000085cffff0| Untracked 
|  93|0x0000000085d00000, 0x0000000085e00000, 0x0000000085e00000|100%| O|  |TAMS 0x0000000085d00000, 0x0000000085e00000| Untracked 
|  94|0x0000000085e00000, 0x0000000085e86390, 0x0000000085f00000| 52%| O|  |TAMS 0x0000000085e00000, 0x0000000085e86390| Untracked 
|  95|0x0000000085f00000, 0x0000000086000000, 0x0000000086000000|100%| O|  |TAMS 0x0000000085f00000, 0x0000000086000000| Untracked 
|  96|0x0000000086000000, 0x00000000860ffff0, 0x0000000086100000| 99%| O|  |TAMS 0x0000000086000000, 0x00000000860ffff0| Untracked 
|  97|0x0000000086100000, 0x0000000086200000, 0x0000000086200000|100%| O|  |TAMS 0x0000000086100000, 0x0000000086200000| Untracked 
|  98|0x0000000086200000, 0x00000000862ffff8, 0x0000000086300000| 99%| O|  |TAMS 0x0000000086200000, 0x00000000862ffff8| Untracked 
|  99|0x0000000086300000, 0x0000000086376f58, 0x0000000086400000| 46%| O|  |TAMS 0x0000000086300000, 0x0000000086376f58| Untracked 
| 100|0x0000000086400000, 0x0000000086500000, 0x0000000086500000|100%| O|  |TAMS 0x0000000086400000, 0x0000000086500000| Untracked 
| 101|0x0000000086500000, 0x0000000086532758, 0x0000000086600000| 19%| O|  |TAMS 0x0000000086500000, 0x0000000086532758| Untracked 
| 102|0x0000000086600000, 0x0000000086700000, 0x0000000086700000|100%| O|  |TAMS 0x0000000086600000, 0x0000000086700000| Untracked 
| 103|0x0000000086700000, 0x0000000086800000, 0x0000000086800000|100%| O|  |TAMS 0x0000000086700000, 0x0000000086800000| Untracked 
| 104|0x0000000086800000, 0x0000000086860c60, 0x0000000086900000| 37%| O|  |TAMS 0x0000000086800000, 0x0000000086860c60| Untracked 
| 105|0x0000000086900000, 0x0000000086a00000, 0x0000000086a00000|100%| O|  |TAMS 0x0000000086900000, 0x0000000086a00000| Untracked 
| 106|0x0000000086a00000, 0x0000000086b00000, 0x0000000086b00000|100%| O|  |TAMS 0x0000000086a00000, 0x0000000086b00000| Untracked 
| 107|0x0000000086b00000, 0x0000000086c00000, 0x0000000086c00000|100%| O|  |TAMS 0x0000000086b00000, 0x0000000086c00000| Untracked 
| 108|0x0000000086c00000, 0x0000000086d00000, 0x0000000086d00000|100%| O|  |TAMS 0x0000000086c00000, 0x0000000086d00000| Untracked 
| 109|0x0000000086d00000, 0x0000000086e00000, 0x0000000086e00000|100%| O|  |TAMS 0x0000000086d00000, 0x0000000086e00000| Untracked 
| 110|0x0000000086e00000, 0x0000000086f00000, 0x0000000086f00000|100%| O|  |TAMS 0x0000000086e00000, 0x0000000086f00000| Untracked 
| 111|0x0000000086f00000, 0x0000000087000000, 0x0000000087000000|100%| O|  |TAMS 0x0000000086f00000, 0x0000000087000000| Untracked 
| 112|0x0000000087000000, 0x0000000087100000, 0x0000000087100000|100%| O|  |TAMS 0x0000000087000000, 0x0000000087100000| Untracked 
| 113|0x0000000087100000, 0x0000000087200000, 0x0000000087200000|100%| O|  |TAMS 0x0000000087100000, 0x0000000087200000| Untracked 
| 114|0x0000000087200000, 0x0000000087300000, 0x0000000087300000|100%| O|  |TAMS 0x0000000087200000, 0x0000000087300000| Untracked 
| 115|0x0000000087300000, 0x0000000087400000, 0x0000000087400000|100%| O|  |TAMS 0x0000000087300000, 0x0000000087400000| Untracked 
| 116|0x0000000087400000, 0x0000000087500000, 0x0000000087500000|100%| O|  |TAMS 0x0000000087400000, 0x0000000087500000| Untracked 
| 117|0x0000000087500000, 0x0000000087600000, 0x0000000087600000|100%| O|  |TAMS 0x0000000087500000, 0x0000000087600000| Untracked 
| 118|0x0000000087600000, 0x0000000087700000, 0x0000000087700000|100%| O|  |TAMS 0x0000000087600000, 0x0000000087700000| Untracked 
| 119|0x0000000087700000, 0x0000000087800000, 0x0000000087800000|100%| O|  |TAMS 0x0000000087700000, 0x0000000087800000| Untracked 
| 120|0x0000000087800000, 0x0000000087900000, 0x0000000087900000|100%| O|  |TAMS 0x0000000087800000, 0x0000000087900000| Untracked 
| 121|0x0000000087900000, 0x0000000087a00000, 0x0000000087a00000|100%| O|  |TAMS 0x0000000087900000, 0x0000000087a00000| Untracked 
| 122|0x0000000087a00000, 0x0000000087b00000, 0x0000000087b00000|100%| O|  |TAMS 0x0000000087a00000, 0x0000000087b00000| Untracked 
| 123|0x0000000087b00000, 0x0000000087c00000, 0x0000000087c00000|100%| O|  |TAMS 0x0000000087b00000, 0x0000000087c00000| Untracked 
| 124|0x0000000087c00000, 0x0000000087d00000, 0x0000000087d00000|100%| O|  |TAMS 0x0000000087c00000, 0x0000000087d00000| Untracked 
| 125|0x0000000087d00000, 0x0000000087e00000, 0x0000000087e00000|100%| O|  |TAMS 0x0000000087d00000, 0x0000000087e00000| Untracked 
| 126|0x0000000087e00000, 0x0000000087f00000, 0x0000000087f00000|100%| O|  |TAMS 0x0000000087e00000, 0x0000000087f00000| Untracked 
| 127|0x0000000087f00000, 0x0000000088000000, 0x0000000088000000|100%| O|  |TAMS 0x0000000087f00000, 0x0000000088000000| Untracked 
| 128|0x0000000088000000, 0x0000000088100000, 0x0000000088100000|100%| O|  |TAMS 0x0000000088000000, 0x0000000088100000| Untracked 
| 129|0x0000000088100000, 0x0000000088200000, 0x0000000088200000|100%| O|  |TAMS 0x0000000088100000, 0x0000000088200000| Untracked 
| 130|0x0000000088200000, 0x0000000088300000, 0x0000000088300000|100%| O|  |TAMS 0x0000000088200000, 0x0000000088300000| Untracked 
| 131|0x0000000088300000, 0x0000000088400000, 0x0000000088400000|100%| O|  |TAMS 0x0000000088300000, 0x0000000088400000| Untracked 
| 132|0x0000000088400000, 0x0000000088500000, 0x0000000088500000|100%| O|  |TAMS 0x0000000088400000, 0x0000000088500000| Untracked 
| 133|0x0000000088500000, 0x0000000088600000, 0x0000000088600000|100%| O|  |TAMS 0x0000000088500000, 0x0000000088600000| Untracked 
| 134|0x0000000088600000, 0x0000000088700000, 0x0000000088700000|100%| O|  |TAMS 0x0000000088600000, 0x0000000088700000| Untracked 
| 135|0x0000000088700000, 0x0000000088800000, 0x0000000088800000|100%| O|  |TAMS 0x0000000088700000, 0x0000000088800000| Untracked 
| 136|0x0000000088800000, 0x0000000088900000, 0x0000000088900000|100%| O|  |TAMS 0x0000000088800000, 0x0000000088900000| Untracked 
| 137|0x0000000088900000, 0x0000000088a00000, 0x0000000088a00000|100%| O|  |TAMS 0x0000000088900000, 0x0000000088a00000| Untracked 
| 138|0x0000000088a00000, 0x0000000088b00000, 0x0000000088b00000|100%| O|  |TAMS 0x0000000088a00000, 0x0000000088b00000| Untracked 
| 139|0x0000000088b00000, 0x0000000088c00000, 0x0000000088c00000|100%| O|  |TAMS 0x0000000088b00000, 0x0000000088c00000| Untracked 
| 140|0x0000000088c00000, 0x0000000088d00000, 0x0000000088d00000|100%| O|  |TAMS 0x0000000088c00000, 0x0000000088d00000| Untracked 
| 141|0x0000000088d00000, 0x0000000088e00000, 0x0000000088e00000|100%| O|  |TAMS 0x0000000088d00000, 0x0000000088e00000| Untracked 
| 142|0x0000000088e00000, 0x0000000088f00000, 0x0000000088f00000|100%| O|  |TAMS 0x0000000088e00000, 0x0000000088f00000| Untracked 
| 143|0x0000000088f00000, 0x0000000089000000, 0x0000000089000000|100%| O|  |TAMS 0x0000000088f00000, 0x0000000089000000| Untracked 
| 144|0x0000000089000000, 0x0000000089100000, 0x0000000089100000|100%| O|  |TAMS 0x0000000089000000, 0x0000000089100000| Untracked 
| 145|0x0000000089100000, 0x0000000089200000, 0x0000000089200000|100%| O|  |TAMS 0x0000000089100000, 0x0000000089200000| Untracked 
| 146|0x0000000089200000, 0x0000000089300000, 0x0000000089300000|100%| O|  |TAMS 0x0000000089200000, 0x0000000089300000| Untracked 
| 147|0x0000000089300000, 0x0000000089400000, 0x0000000089400000|100%| O|  |TAMS 0x0000000089300000, 0x0000000089400000| Untracked 
| 148|0x0000000089400000, 0x0000000089500000, 0x0000000089500000|100%| O|  |TAMS 0x0000000089400000, 0x0000000089500000| Untracked 
| 149|0x0000000089500000, 0x0000000089600000, 0x0000000089600000|100%| O|  |TAMS 0x0000000089500000, 0x0000000089600000| Untracked 
| 150|0x0000000089600000, 0x0000000089700000, 0x0000000089700000|100%| O|  |TAMS 0x0000000089600000, 0x0000000089700000| Untracked 
| 151|0x0000000089700000, 0x0000000089800000, 0x0000000089800000|100%| O|  |TAMS 0x0000000089700000, 0x0000000089800000| Untracked 
| 152|0x0000000089800000, 0x0000000089900000, 0x0000000089900000|100%| O|  |TAMS 0x0000000089800000, 0x0000000089900000| Untracked 
| 153|0x0000000089900000, 0x0000000089a00000, 0x0000000089a00000|100%| O|  |TAMS 0x0000000089900000, 0x0000000089a00000| Untracked 
| 154|0x0000000089a00000, 0x0000000089b00000, 0x0000000089b00000|100%| O|  |TAMS 0x0000000089a00000, 0x0000000089b00000| Untracked 
| 155|0x0000000089b00000, 0x0000000089c00000, 0x0000000089c00000|100%| O|  |TAMS 0x0000000089b00000, 0x0000000089c00000| Untracked 
| 156|0x0000000089c00000, 0x0000000089d00000, 0x0000000089d00000|100%| O|  |TAMS 0x0000000089c00000, 0x0000000089d00000| Untracked 
| 157|0x0000000089d00000, 0x0000000089e00000, 0x0000000089e00000|100%| O|  |TAMS 0x0000000089d00000, 0x0000000089e00000| Untracked 
| 158|0x0000000089e00000, 0x0000000089f00000, 0x0000000089f00000|100%| O|  |TAMS 0x0000000089e00000, 0x0000000089f00000| Untracked 
| 159|0x0000000089f00000, 0x0000000089f00000, 0x000000008a000000|  0%| F|  |TAMS 0x0000000089f00000, 0x0000000089f00000| Untracked 
| 160|0x000000008a000000, 0x000000008a000000, 0x000000008a100000|  0%| F|  |TAMS 0x000000008a000000, 0x000000008a000000| Untracked 
| 161|0x000000008a100000, 0x000000008a200000, 0x000000008a200000|100%| O|  |TAMS 0x000000008a100000, 0x000000008a200000| Untracked 
| 162|0x000000008a200000, 0x000000008a2baa00, 0x000000008a300000| 72%| O|  |TAMS 0x000000008a200000, 0x000000008a2baa00| Untracked 
| 163|0x000000008a300000, 0x000000008a400000, 0x000000008a400000|100%|HS|  |TAMS 0x000000008a300000, 0x000000008a400000| Complete 
| 164|0x000000008a400000, 0x000000008a500000, 0x000000008a500000|100%|HC|  |TAMS 0x000000008a400000, 0x000000008a500000| Complete 
| 165|0x000000008a500000, 0x000000008a600000, 0x000000008a600000|100%|HC|  |TAMS 0x000000008a500000, 0x000000008a600000| Complete 
| 166|0x000000008a600000, 0x000000008a700000, 0x000000008a700000|100%|HC|  |TAMS 0x000000008a600000, 0x000000008a700000| Complete 
| 167|0x000000008a700000, 0x000000008a800000, 0x000000008a800000|100%|HS|  |TAMS 0x000000008a700000, 0x000000008a800000| Complete 
| 168|0x000000008a800000, 0x000000008a900000, 0x000000008a900000|100%|HC|  |TAMS 0x000000008a800000, 0x000000008a900000| Complete 
| 169|0x000000008a900000, 0x000000008aa00000, 0x000000008aa00000|100%|HC|  |TAMS 0x000000008a900000, 0x000000008aa00000| Complete 
| 170|0x000000008aa00000, 0x000000008ab00000, 0x000000008ab00000|100%|HC|  |TAMS 0x000000008aa00000, 0x000000008ab00000| Complete 
| 171|0x000000008ab00000, 0x000000008ac00000, 0x000000008ac00000|100%|HS|  |TAMS 0x000000008ab00000, 0x000000008ab00000| Complete 
| 172|0x000000008ac00000, 0x000000008ad00000, 0x000000008ad00000|100%|HC|  |TAMS 0x000000008ac00000, 0x000000008ac00000| Complete 
| 173|0x000000008ad00000, 0x000000008ae00000, 0x000000008ae00000|100%|HC|  |TAMS 0x000000008ad00000, 0x000000008ad00000| Complete 
| 174|0x000000008ae00000, 0x000000008af00000, 0x000000008af00000|100%|HC|  |TAMS 0x000000008ae00000, 0x000000008ae00000| Complete 
| 175|0x000000008af00000, 0x000000008b000000, 0x000000008b000000|100%|HC|  |TAMS 0x000000008af00000, 0x000000008af00000| Complete 
| 176|0x000000008b000000, 0x000000008b100000, 0x000000008b100000|100%|HC|  |TAMS 0x000000008b000000, 0x000000008b000000| Complete 
| 177|0x000000008b100000, 0x000000008b200000, 0x000000008b200000|100%|HC|  |TAMS 0x000000008b100000, 0x000000008b100000| Complete 
| 178|0x000000008b200000, 0x000000008b300000, 0x000000008b300000|100%|HC|  |TAMS 0x000000008b200000, 0x000000008b200000| Complete 
| 179|0x000000008b300000, 0x000000008b400000, 0x000000008b400000|100%|HC|  |TAMS 0x000000008b300000, 0x000000008b300000| Complete 
| 180|0x000000008b400000, 0x000000008b500000, 0x000000008b500000|100%|HS|  |TAMS 0x000000008b400000, 0x000000008b400000| Complete 
| 181|0x000000008b500000, 0x000000008b600000, 0x000000008b600000|100%|HC|  |TAMS 0x000000008b500000, 0x000000008b500000| Complete 
| 182|0x000000008b600000, 0x000000008b700000, 0x000000008b700000|100%|HC|  |TAMS 0x000000008b600000, 0x000000008b600000| Complete 
| 183|0x000000008b700000, 0x000000008b800000, 0x000000008b800000|100%|HC|  |TAMS 0x000000008b700000, 0x000000008b700000| Complete 
| 184|0x000000008b800000, 0x000000008b900000, 0x000000008b900000|100%|HC|  |TAMS 0x000000008b800000, 0x000000008b800000| Complete 
| 185|0x000000008b900000, 0x000000008ba00000, 0x000000008ba00000|100%|HC|  |TAMS 0x000000008b900000, 0x000000008b900000| Complete 
| 186|0x000000008ba00000, 0x000000008bb00000, 0x000000008bb00000|100%|HC|  |TAMS 0x000000008ba00000, 0x000000008ba00000| Complete 
| 187|0x000000008bb00000, 0x000000008bc00000, 0x000000008bc00000|100%|HC|  |TAMS 0x000000008bb00000, 0x000000008bb00000| Complete 
| 188|0x000000008bc00000, 0x000000008bd00000, 0x000000008bd00000|100%|HC|  |TAMS 0x000000008bc00000, 0x000000008bc00000| Complete 
| 189|0x000000008bd00000, 0x000000008bd00000, 0x000000008be00000|  0%| F|  |TAMS 0x000000008bd00000, 0x000000008bd00000| Untracked 
| 190|0x000000008be00000, 0x000000008be00000, 0x000000008bf00000|  0%| F|  |TAMS 0x000000008be00000, 0x000000008be00000| Untracked 
| 191|0x000000008bf00000, 0x000000008bf00000, 0x000000008c000000|  0%| F|  |TAMS 0x000000008bf00000, 0x000000008bf00000| Untracked 
| 192|0x000000008c000000, 0x000000008c000000, 0x000000008c100000|  0%| F|  |TAMS 0x000000008c000000, 0x000000008c000000| Untracked 
| 193|0x000000008c100000, 0x000000008c100000, 0x000000008c200000|  0%| F|  |TAMS 0x000000008c100000, 0x000000008c100000| Untracked 
| 194|0x000000008c200000, 0x000000008c200000, 0x000000008c300000|  0%| F|  |TAMS 0x000000008c200000, 0x000000008c200000| Untracked 
| 195|0x000000008c300000, 0x000000008c300000, 0x000000008c400000|  0%| F|  |TAMS 0x000000008c300000, 0x000000008c300000| Untracked 
| 196|0x000000008c400000, 0x000000008c400000, 0x000000008c500000|  0%| F|  |TAMS 0x000000008c400000, 0x000000008c400000| Untracked 
| 197|0x000000008c500000, 0x000000008c500000, 0x000000008c600000|  0%| F|  |TAMS 0x000000008c500000, 0x000000008c500000| Untracked 
| 198|0x000000008c600000, 0x000000008c600000, 0x000000008c700000|  0%| F|  |TAMS 0x000000008c600000, 0x000000008c600000| Untracked 
| 199|0x000000008c700000, 0x000000008c700000, 0x000000008c800000|  0%| F|  |TAMS 0x000000008c700000, 0x000000008c700000| Untracked 
| 200|0x000000008c800000, 0x000000008c800000, 0x000000008c900000|  0%| F|  |TAMS 0x000000008c800000, 0x000000008c800000| Untracked 
| 201|0x000000008c900000, 0x000000008c900000, 0x000000008ca00000|  0%| F|  |TAMS 0x000000008c900000, 0x000000008c900000| Untracked 
| 202|0x000000008ca00000, 0x000000008cb00000, 0x000000008cb00000|100%| S|CS|TAMS 0x000000008ca00000, 0x000000008ca00000| Complete 
| 203|0x000000008cb00000, 0x000000008cc00000, 0x000000008cc00000|100%| S|CS|TAMS 0x000000008cb00000, 0x000000008cb00000| Complete 
| 204|0x000000008cc00000, 0x000000008cd00000, 0x000000008cd00000|100%| S|CS|TAMS 0x000000008cc00000, 0x000000008cc00000| Complete 
| 205|0x000000008cd00000, 0x000000008ce00000, 0x000000008ce00000|100%| S|CS|TAMS 0x000000008cd00000, 0x000000008cd00000| Complete 
| 206|0x000000008ce00000, 0x000000008cf00000, 0x000000008cf00000|100%| S|CS|TAMS 0x000000008ce00000, 0x000000008ce00000| Complete 
| 207|0x000000008cf00000, 0x000000008d000000, 0x000000008d000000|100%| S|CS|TAMS 0x000000008cf00000, 0x000000008cf00000| Complete 
| 208|0x000000008d000000, 0x000000008d000000, 0x000000008d100000|  0%| F|  |TAMS 0x000000008d000000, 0x000000008d000000| Untracked 
| 209|0x000000008d100000, 0x000000008d100000, 0x000000008d200000|  0%| F|  |TAMS 0x000000008d100000, 0x000000008d100000| Untracked 
| 210|0x000000008d200000, 0x000000008d200000, 0x000000008d300000|  0%| F|  |TAMS 0x000000008d200000, 0x000000008d200000| Untracked 
| 211|0x000000008d300000, 0x000000008d300000, 0x000000008d400000|  0%| F|  |TAMS 0x000000008d300000, 0x000000008d300000| Untracked 
| 212|0x000000008d400000, 0x000000008d400000, 0x000000008d500000|  0%| F|  |TAMS 0x000000008d400000, 0x000000008d400000| Untracked 
| 213|0x000000008d500000, 0x000000008d500000, 0x000000008d600000|  0%| F|  |TAMS 0x000000008d500000, 0x000000008d500000| Untracked 
| 214|0x000000008d600000, 0x000000008d600000, 0x000000008d700000|  0%| F|  |TAMS 0x000000008d600000, 0x000000008d600000| Untracked 
| 215|0x000000008d700000, 0x000000008d700000, 0x000000008d800000|  0%| F|  |TAMS 0x000000008d700000, 0x000000008d700000| Untracked 
| 216|0x000000008d800000, 0x000000008d800000, 0x000000008d900000|  0%| F|  |TAMS 0x000000008d800000, 0x000000008d800000| Untracked 
| 217|0x000000008d900000, 0x000000008d900000, 0x000000008da00000|  0%| F|  |TAMS 0x000000008d900000, 0x000000008d900000| Untracked 
| 218|0x000000008da00000, 0x000000008da00000, 0x000000008db00000|  0%| F|  |TAMS 0x000000008da00000, 0x000000008da00000| Untracked 
| 219|0x000000008db00000, 0x000000008db00000, 0x000000008dc00000|  0%| F|  |TAMS 0x000000008db00000, 0x000000008db00000| Untracked 
| 220|0x000000008dc00000, 0x000000008dc00000, 0x000000008dd00000|  0%| F|  |TAMS 0x000000008dc00000, 0x000000008dc00000| Untracked 
| 221|0x000000008dd00000, 0x000000008dd00000, 0x000000008de00000|  0%| F|  |TAMS 0x000000008dd00000, 0x000000008dd00000| Untracked 
| 222|0x000000008de00000, 0x000000008de00000, 0x000000008df00000|  0%| F|  |TAMS 0x000000008de00000, 0x000000008de00000| Untracked 
| 223|0x000000008df00000, 0x000000008df00000, 0x000000008e000000|  0%| F|  |TAMS 0x000000008df00000, 0x000000008df00000| Untracked 
| 224|0x000000008e000000, 0x000000008e000000, 0x000000008e100000|  0%| F|  |TAMS 0x000000008e000000, 0x000000008e000000| Untracked 
| 225|0x000000008e100000, 0x000000008e100000, 0x000000008e200000|  0%| F|  |TAMS 0x000000008e100000, 0x000000008e100000| Untracked 
| 226|0x000000008e200000, 0x000000008e200000, 0x000000008e300000|  0%| F|  |TAMS 0x000000008e200000, 0x000000008e200000| Untracked 
| 227|0x000000008e300000, 0x000000008e300000, 0x000000008e400000|  0%| F|  |TAMS 0x000000008e300000, 0x000000008e300000| Untracked 
| 228|0x000000008e400000, 0x000000008e400000, 0x000000008e500000|  0%| F|  |TAMS 0x000000008e400000, 0x000000008e400000| Untracked 
| 229|0x000000008e500000, 0x000000008e500000, 0x000000008e600000|  0%| F|  |TAMS 0x000000008e500000, 0x000000008e500000| Untracked 
| 230|0x000000008e600000, 0x000000008e600000, 0x000000008e700000|  0%| F|  |TAMS 0x000000008e600000, 0x000000008e600000| Untracked 
| 231|0x000000008e700000, 0x000000008e700000, 0x000000008e800000|  0%| F|  |TAMS 0x000000008e700000, 0x000000008e700000| Untracked 
| 232|0x000000008e800000, 0x000000008e800000, 0x000000008e900000|  0%| F|  |TAMS 0x000000008e800000, 0x000000008e800000| Untracked 
| 233|0x000000008e900000, 0x000000008e900000, 0x000000008ea00000|  0%| F|  |TAMS 0x000000008e900000, 0x000000008e900000| Untracked 
| 234|0x000000008ea00000, 0x000000008ea00000, 0x000000008eb00000|  0%| F|  |TAMS 0x000000008ea00000, 0x000000008ea00000| Untracked 
| 235|0x000000008eb00000, 0x000000008eb00000, 0x000000008ec00000|  0%| F|  |TAMS 0x000000008eb00000, 0x000000008eb00000| Untracked 
| 236|0x000000008ec00000, 0x000000008ec00000, 0x000000008ed00000|  0%| F|  |TAMS 0x000000008ec00000, 0x000000008ec00000| Untracked 
| 237|0x000000008ed00000, 0x000000008ed00000, 0x000000008ee00000|  0%| F|  |TAMS 0x000000008ed00000, 0x000000008ed00000| Untracked 
| 238|0x000000008ee00000, 0x000000008ee00000, 0x000000008ef00000|  0%| F|  |TAMS 0x000000008ee00000, 0x000000008ee00000| Untracked 
| 239|0x000000008ef00000, 0x000000008ef00000, 0x000000008f000000|  0%| F|  |TAMS 0x000000008ef00000, 0x000000008ef00000| Untracked 
| 240|0x000000008f000000, 0x000000008f000000, 0x000000008f100000|  0%| F|  |TAMS 0x000000008f000000, 0x000000008f000000| Untracked 
| 241|0x000000008f100000, 0x000000008f100000, 0x000000008f200000|  0%| F|  |TAMS 0x000000008f100000, 0x000000008f100000| Untracked 
| 242|0x000000008f200000, 0x000000008f200000, 0x000000008f300000|  0%| F|  |TAMS 0x000000008f200000, 0x000000008f200000| Untracked 
| 243|0x000000008f300000, 0x000000008f300000, 0x000000008f400000|  0%| F|  |TAMS 0x000000008f300000, 0x000000008f300000| Untracked 
| 244|0x000000008f400000, 0x000000008f400000, 0x000000008f500000|  0%| F|  |TAMS 0x000000008f400000, 0x000000008f400000| Untracked 
| 245|0x000000008f500000, 0x000000008f500000, 0x000000008f600000|  0%| F|  |TAMS 0x000000008f500000, 0x000000008f500000| Untracked 
| 246|0x000000008f600000, 0x000000008f600000, 0x000000008f700000|  0%| F|  |TAMS 0x000000008f600000, 0x000000008f600000| Untracked 
| 247|0x000000008f700000, 0x000000008f700000, 0x000000008f800000|  0%| F|  |TAMS 0x000000008f700000, 0x000000008f700000| Untracked 
| 248|0x000000008f800000, 0x000000008f800000, 0x000000008f900000|  0%| F|  |TAMS 0x000000008f800000, 0x000000008f800000| Untracked 
| 249|0x000000008f900000, 0x000000008f900000, 0x000000008fa00000|  0%| F|  |TAMS 0x000000008f900000, 0x000000008f900000| Untracked 
| 250|0x000000008fa00000, 0x000000008fa00000, 0x000000008fb00000|  0%| F|  |TAMS 0x000000008fa00000, 0x000000008fa00000| Untracked 
| 251|0x000000008fb00000, 0x000000008fb00000, 0x000000008fc00000|  0%| F|  |TAMS 0x000000008fb00000, 0x000000008fb00000| Untracked 
| 252|0x000000008fc00000, 0x000000008fc00000, 0x000000008fd00000|  0%| F|  |TAMS 0x000000008fc00000, 0x000000008fc00000| Untracked 
| 253|0x000000008fd00000, 0x000000008fd00000, 0x000000008fe00000|  0%| F|  |TAMS 0x000000008fd00000, 0x000000008fd00000| Untracked 
| 254|0x000000008fe00000, 0x000000008fe00000, 0x000000008ff00000|  0%| F|  |TAMS 0x000000008fe00000, 0x000000008fe00000| Untracked 
| 255|0x000000008ff00000, 0x000000008ff00000, 0x0000000090000000|  0%| F|  |TAMS 0x000000008ff00000, 0x000000008ff00000| Untracked 
| 256|0x0000000090000000, 0x0000000090000000, 0x0000000090100000|  0%| F|  |TAMS 0x0000000090000000, 0x0000000090000000| Untracked 
| 257|0x0000000090100000, 0x0000000090100000, 0x0000000090200000|  0%| F|  |TAMS 0x0000000090100000, 0x0000000090100000| Untracked 
| 258|0x0000000090200000, 0x0000000090200000, 0x0000000090300000|  0%| F|  |TAMS 0x0000000090200000, 0x0000000090200000| Untracked 
| 259|0x0000000090300000, 0x0000000090300000, 0x0000000090400000|  0%| F|  |TAMS 0x0000000090300000, 0x0000000090300000| Untracked 
| 260|0x0000000090400000, 0x0000000090400000, 0x0000000090500000|  0%| F|  |TAMS 0x0000000090400000, 0x0000000090400000| Untracked 
| 261|0x0000000090500000, 0x0000000090500000, 0x0000000090600000|  0%| F|  |TAMS 0x0000000090500000, 0x0000000090500000| Untracked 
| 262|0x0000000090600000, 0x0000000090600000, 0x0000000090700000|  0%| F|  |TAMS 0x0000000090600000, 0x0000000090600000| Untracked 
| 263|0x0000000090700000, 0x0000000090700000, 0x0000000090800000|  0%| F|  |TAMS 0x0000000090700000, 0x0000000090700000| Untracked 
| 264|0x0000000090800000, 0x0000000090800000, 0x0000000090900000|  0%| F|  |TAMS 0x0000000090800000, 0x0000000090800000| Untracked 
| 265|0x0000000090900000, 0x0000000090900000, 0x0000000090a00000|  0%| F|  |TAMS 0x0000000090900000, 0x0000000090900000| Untracked 
| 266|0x0000000090a00000, 0x0000000090a00000, 0x0000000090b00000|  0%| F|  |TAMS 0x0000000090a00000, 0x0000000090a00000| Untracked 
| 267|0x0000000090b00000, 0x0000000090b00000, 0x0000000090c00000|  0%| F|  |TAMS 0x0000000090b00000, 0x0000000090b00000| Untracked 
| 268|0x0000000090c00000, 0x0000000090c00000, 0x0000000090d00000|  0%| F|  |TAMS 0x0000000090c00000, 0x0000000090c00000| Untracked 
| 269|0x0000000090d00000, 0x0000000090d00000, 0x0000000090e00000|  0%| F|  |TAMS 0x0000000090d00000, 0x0000000090d00000| Untracked 
| 270|0x0000000090e00000, 0x0000000090e00000, 0x0000000090f00000|  0%| F|  |TAMS 0x0000000090e00000, 0x0000000090e00000| Untracked 
| 271|0x0000000090f00000, 0x0000000090f00000, 0x0000000091000000|  0%| F|  |TAMS 0x0000000090f00000, 0x0000000090f00000| Untracked 
| 272|0x0000000091000000, 0x0000000091000000, 0x0000000091100000|  0%| F|  |TAMS 0x0000000091000000, 0x0000000091000000| Untracked 
| 273|0x0000000091100000, 0x0000000091100000, 0x0000000091200000|  0%| F|  |TAMS 0x0000000091100000, 0x0000000091100000| Untracked 
| 274|0x0000000091200000, 0x0000000091200000, 0x0000000091300000|  0%| F|  |TAMS 0x0000000091200000, 0x0000000091200000| Untracked 
| 275|0x0000000091300000, 0x0000000091300000, 0x0000000091400000|  0%| F|  |TAMS 0x0000000091300000, 0x0000000091300000| Untracked 
| 276|0x0000000091400000, 0x0000000091400000, 0x0000000091500000|  0%| F|  |TAMS 0x0000000091400000, 0x0000000091400000| Untracked 
| 277|0x0000000091500000, 0x0000000091500000, 0x0000000091600000|  0%| F|  |TAMS 0x0000000091500000, 0x0000000091500000| Untracked 
| 278|0x0000000091600000, 0x00000000916ff630, 0x0000000091700000| 99%| E|  |TAMS 0x0000000091600000, 0x0000000091600000| Complete 
| 279|0x0000000091700000, 0x0000000091800000, 0x0000000091800000|100%| E|CS|TAMS 0x0000000091700000, 0x0000000091700000| Complete 

Card table byte_map: [0x0000021412e30000,0x0000021413230000] _byte_map_base: 0x0000021412a30000

Marking Bits (Prev, Next): (CMBitMap*) 0x000002147ff6f420, (CMBitMap*) 0x000002147ff6f3e8
 Prev Bits: [0x0000021415630000, 0x0000021417630000)
 Next Bits: [0x0000021413630000, 0x0000021415630000)

Polling page: 0x000002147ddc0000

Metaspace:

Usage:
  Non-class:    104.85 MB capacity,   102.81 MB ( 98%) used,     1.64 MB (  2%) free+waste,   400.88 KB ( <1%) overhead. 
      Class:     16.58 MB capacity,    15.31 MB ( 92%) used,     1.09 MB (  7%) free+waste,   184.75 KB (  1%) overhead. 
       Both:    121.43 MB capacity,   118.12 MB ( 97%) used,     2.74 MB (  2%) free+waste,   585.63 KB ( <1%) overhead. 

Virtual space:
  Non-class space:      106.00 MB reserved,     105.00 MB (>99%) committed 
      Class space:        1.00 GB reserved,      16.71 MB (  2%) committed 
             Both:        1.10 GB reserved,     121.71 MB ( 11%) committed 

Chunk freelists:
   Non-Class:  28.00 KB
       Class:  10.00 KB
        Both:  38.00 KB

MaxMetaspaceSize: 17179869184.00 GB
CompressedClassSpaceSize: 1.00 GB
Initial GC threshold: 20.80 MB
Current GC threshold: 175.98 MB
CDS: off

CodeHeap 'non-profiled nmethods': size=120064Kb used=10607Kb max_used=11146Kb free=109456Kb
 bounds [0x000002140b4f0000, 0x000002140bfe0000, 0x0000021412a30000]
CodeHeap 'profiled nmethods': size=120000Kb used=33717Kb max_used=35754Kb free=86282Kb
 bounds [0x0000021403fc0000, 0x00000214062b0000, 0x000002140b4f0000]
CodeHeap 'non-nmethods': size=5696Kb used=2448Kb max_used=2495Kb free=3247Kb
 bounds [0x0000021403a30000, 0x0000021403cb0000, 0x0000021403fc0000]
 total_blobs=16463 nmethods=15485 adapters=890
 compilation: enabled
              stopped_count=0, restarted_count=0
 full_count=0

Compilation events (20 events):
Event: 147.350 Thread 0x000002141a4af800 nmethod 16418 0x000002140b524a90 code [0x000002140b524c40, 0x000002140b524cf8]
Event: 147.350 Thread 0x000002141a4af800 16419       1       com.android.zipflinger.Entry::getExternalAttributes (5 bytes)
Event: 147.350 Thread 0x000002141a4af800 nmethod 16419 0x000002140b544990 code [0x000002140b544b40, 0x000002140b544bf8]
Event: 147.350 Thread 0x000002141a4af800 16420       3       com.android.zipflinger.Source::<init> (39 bytes)
Event: 147.350 Thread 0x000002141a4af800 nmethod 16420 0x00000214042e5390 code [0x00000214042e5580, 0x00000214042e5908]
Event: 147.351 Thread 0x000002141a4af800 16421       3       com.android.zipflinger.Entry::isDirectory (27 bytes)
Event: 147.351 Thread 0x000002141a4af800 nmethod 16421 0x0000021404054110 code [0x0000021404054340, 0x0000021404054a58]
Event: 147.351 Thread 0x000002141a4af800 16422       3       com.android.zipflinger.ZipSource::select (104 bytes)
Event: 147.353 Thread 0x000002141a4af800 nmethod 16422 0x0000021404074f10 code [0x0000021404075200, 0x0000021404076338]
Event: 147.353 Thread 0x000002141a4af800 16423       3       com.android.zipflinger.ZipSourceEntry::<init> (51 bytes)
Event: 147.353 Thread 0x000002141a4af800 nmethod 16423 0x00000214044f5110 code [0x00000214044f52e0, 0x00000214044f55e8]
Event: 147.353 Thread 0x000002141a4af800 16424       3       com.android.builder.internal.packaging.IncrementalPackager$$Lambda$1954/0x0000000101086440::apply (12 bytes)
Event: 147.354 Thread 0x000002141a4af800 nmethod 16424 0x0000021404049810 code [0x00000214040499e0, 0x0000021404049d48]
Event: 147.354 Thread 0x000002141a4af800 16425       3       com.android.builder.internal.packaging.IncrementalPackager$$Lambda$1953/0x0000000101086040::apply (14 bytes)
Event: 147.354 Thread 0x000002141a4af800 nmethod 16425 0x0000021404282c90 code [0x0000021404282e60, 0x0000021404283108]
Event: 147.354 Thread 0x00000214227f5000 nmethod 16411 0x000002140b54a490 code [0x000002140b54a640, 0x000002140b54ac78]
Event: 147.354 Thread 0x000002141a4af800 16426       3       com.android.zipflinger.ZipSource::newZipSourceEntryFor (40 bytes)
Event: 147.354 Thread 0x000002141a4af800 nmethod 16426 0x0000021404108710 code [0x0000021404108900, 0x0000021404108d18]
Event: 147.359 Thread 0x000002141a4af800 16427       1       com.android.zipflinger.EndOfCentralDirectory::getLocation (5 bytes)
Event: 147.359 Thread 0x000002141a4af800 nmethod 16427 0x000002140b544690 code [0x000002140b544840, 0x000002140b5448f8]

GC Heap History (20 events):
Event: 140.452 GC heap before
{Heap before GC invocations=86 (full 1):
 garbage-first heap   total 238592K, used 188315K [0x0000000080000000, 0x0000000100000000)
  region size 1024K, 66 young (67584K), 8 survivors (8192K)
 Metaspace       used 117285K, capacity 120513K, committed 120664K, reserved 1153024K
  class space    used 15134K, capacity 16387K, committed 16472K, reserved 1048576K
}
Event: 140.463 GC heap after
{Heap after GC invocations=87 (full 1):
 garbage-first heap   total 286720K, used 133878K [0x0000000080000000, 0x0000000100000000)
  region size 1024K, 5 young (5120K), 5 survivors (5120K)
 Metaspace       used 117285K, capacity 120513K, committed 120664K, reserved 1153024K
  class space    used 15134K, capacity 16387K, committed 16472K, reserved 1048576K
}
Event: 141.413 GC heap before
{Heap before GC invocations=87 (full 1):
 garbage-first heap   total 286720K, used 212726K [0x0000000080000000, 0x0000000100000000)
  region size 1024K, 81 young (82944K), 5 survivors (5120K)
 Metaspace       used 118055K, capacity 121288K, committed 121560K, reserved 1155072K
  class space    used 15216K, capacity 16463K, committed 16600K, reserved 1048576K
}
Event: 141.424 GC heap after
{Heap after GC invocations=88 (full 1):
 garbage-first heap   total 286720K, used 139914K [0x0000000080000000, 0x0000000100000000)
  region size 1024K, 11 young (11264K), 11 survivors (11264K)
 Metaspace       used 118055K, capacity 121288K, committed 121560K, reserved 1155072K
  class space    used 15216K, capacity 16463K, committed 16600K, reserved 1048576K
}
Event: 142.468 GC heap before
{Heap before GC invocations=88 (full 1):
 garbage-first heap   total 286720K, used 222858K [0x0000000080000000, 0x0000000100000000)
  region size 1024K, 92 young (94208K), 11 survivors (11264K)
 Metaspace       used 118896K, capacity 122117K, committed 122200K, reserved 1155072K
  class space    used 15438K, capacity 16709K, committed 16728K, reserved 1048576K
}
Event: 142.475 GC heap after
{Heap after GC invocations=89 (full 1):
 garbage-first heap   total 286720K, used 143154K [0x0000000080000000, 0x0000000100000000)
  region size 1024K, 6 young (6144K), 6 survivors (6144K)
 Metaspace       used 118896K, capacity 122117K, committed 122200K, reserved 1155072K
  class space    used 15438K, capacity 16709K, committed 16728K, reserved 1048576K
}
Event: 142.940 GC heap before
{Heap before GC invocations=89 (full 1):
 garbage-first heap   total 286720K, used 228146K [0x0000000080000000, 0x0000000100000000)
  region size 1024K, 90 young (92160K), 6 survivors (6144K)
 Metaspace       used 118898K, capacity 122117K, committed 122200K, reserved 1155072K
  class space    used 15438K, capacity 16709K, committed 16728K, reserved 1048576K
}
Event: 142.945 GC heap after
{Heap after GC invocations=90 (full 1):
 garbage-first heap   total 286720K, used 147758K [0x0000000080000000, 0x0000000100000000)
  region size 1024K, 11 young (11264K), 11 survivors (11264K)
 Metaspace       used 118898K, capacity 122117K, committed 122200K, reserved 1155072K
  class space    used 15438K, capacity 16709K, committed 16728K, reserved 1048576K
}
Event: 143.305 GC heap before
{Heap before GC invocations=90 (full 1):
 garbage-first heap   total 286720K, used 230702K [0x0000000080000000, 0x0000000100000000)
  region size 1024K, 92 young (94208K), 11 survivors (11264K)
 Metaspace       used 118901K, capacity 122117K, committed 122200K, reserved 1155072K
  class space    used 15438K, capacity 16709K, committed 16728K, reserved 1048576K
}
Event: 143.313 GC heap after
{Heap after GC invocations=91 (full 1):
 garbage-first heap   total 286720K, used 153089K [0x0000000080000000, 0x0000000100000000)
  region size 1024K, 11 young (11264K), 11 survivors (11264K)
 Metaspace       used 118901K, capacity 122117K, committed 122200K, reserved 1155072K
  class space    used 15438K, capacity 16709K, committed 16728K, reserved 1048576K
}
Event: 143.625 GC heap before
{Heap before GC invocations=91 (full 1):
 garbage-first heap   total 286720K, used 233985K [0x0000000080000000, 0x0000000100000000)
  region size 1024K, 90 young (92160K), 11 survivors (11264K)
 Metaspace       used 118901K, capacity 122117K, committed 122200K, reserved 1155072K
  class space    used 15438K, capacity 16709K, committed 16728K, reserved 1048576K
}
Event: 143.630 GC heap after
{Heap after GC invocations=92 (full 1):
 garbage-first heap   total 286720K, used 159271K [0x0000000080000000, 0x0000000100000000)
  region size 1024K, 11 young (11264K), 11 survivors (11264K)
 Metaspace       used 118901K, capacity 122117K, committed 122200K, reserved 1155072K
  class space    used 15438K, capacity 16709K, committed 16728K, reserved 1048576K
}
Event: 143.951 GC heap before
{Heap before GC invocations=92 (full 1):
 garbage-first heap   total 286720K, used 236071K [0x0000000080000000, 0x0000000100000000)
  region size 1024K, 87 young (89088K), 11 survivors (11264K)
 Metaspace       used 118904K, capacity 122117K, committed 122200K, reserved 1155072K
  class space    used 15438K, capacity 16709K, committed 16728K, reserved 1048576K
}
Event: 143.955 GC heap after
{Heap after GC invocations=93 (full 1):
 garbage-first heap   total 286720K, used 164760K [0x0000000080000000, 0x0000000100000000)
  region size 1024K, 11 young (11264K), 11 survivors (11264K)
 Metaspace       used 118904K, capacity 122117K, committed 122200K, reserved 1155072K
  class space    used 15438K, capacity 16709K, committed 16728K, reserved 1048576K
}
Event: 145.010 GC heap before
{Heap before GC invocations=93 (full 1):
 garbage-first heap   total 286720K, used 237464K [0x0000000080000000, 0x0000000100000000)
  region size 1024K, 82 young (83968K), 11 survivors (11264K)
 Metaspace       used 118906K, capacity 122117K, committed 122200K, reserved 1155072K
  class space    used 15438K, capacity 16709K, committed 16728K, reserved 1048576K
}
Event: 145.014 GC heap after
{Heap after GC invocations=94 (full 1):
 garbage-first heap   total 286720K, used 170525K [0x0000000080000000, 0x0000000100000000)
  region size 1024K, 11 young (11264K), 11 survivors (11264K)
 Metaspace       used 118906K, capacity 122117K, committed 122200K, reserved 1155072K
  class space    used 15438K, capacity 16709K, committed 16728K, reserved 1048576K
}
Event: 145.693 GC heap before
{Heap before GC invocations=94 (full 1):
 garbage-first heap   total 286720K, used 240157K [0x0000000080000000, 0x0000000100000000)
  region size 1024K, 78 young (79872K), 11 survivors (11264K)
 Metaspace       used 119158K, capacity 122410K, committed 122584K, reserved 1155072K
  class space    used 15468K, capacity 16731K, committed 16856K, reserved 1048576K
}
Event: 145.698 GC heap after
{Heap after GC invocations=95 (full 1):
 garbage-first heap   total 286720K, used 163656K [0x0000000080000000, 0x0000000100000000)
  region size 1024K, 3 young (3072K), 3 survivors (3072K)
 Metaspace       used 119158K, capacity 122410K, committed 122584K, reserved 1155072K
  class space    used 15468K, capacity 16731K, committed 16856K, reserved 1048576K
}
Event: 147.269 GC heap before
{Heap before GC invocations=95 (full 1):
 garbage-first heap   total 286720K, used 241480K [0x0000000080000000, 0x0000000100000000)
  region size 1024K, 72 young (73728K), 3 survivors (3072K)
 Metaspace       used 120917K, capacity 124344K, committed 124632K, reserved 1157120K
  class space    used 15675K, capacity 16982K, committed 17112K, reserved 1048576K
}
Event: 147.278 GC heap after
{Heap after GC invocations=96 (full 1):
 garbage-first heap   total 286720K, used 175496K [0x0000000080000000, 0x0000000100000000)
  region size 1024K, 6 young (6144K), 6 survivors (6144K)
 Metaspace       used 120917K, capacity 124344K, committed 124632K, reserved 1157120K
  class space    used 15675K, capacity 16982K, committed 17112K, reserved 1048576K
}

Deoptimization events (20 events):
Event: 147.264 Thread 0x0000021422800800 Uncommon trap: trap_request=0xffffffc6 fr.pc=0x000002140bf15d84 relative=0x0000000000000e84
Event: 147.264 Thread 0x0000021422800800 Uncommon trap: reason=bimorphic_or_optimized_type_check action=maybe_recompile pc=0x000002140bf15d84 method=java.util.zip.DeflaterOutputStream.deflate()V @ 32 c2
Event: 147.264 Thread 0x0000021422800800 DEOPT PACKING pc=0x000002140bf15d84 sp=0x00000077bf7feac0
Event: 147.264 Thread 0x0000021422800800 DEOPT UNPACKING pc=0x0000021403a7a1af sp=0x00000077bf7fea98 mode 2
Event: 147.264 Thread 0x0000021422800800 Uncommon trap: trap_request=0xffffffc6 fr.pc=0x000002140bf15d84 relative=0x0000000000000e84
Event: 147.264 Thread 0x0000021422800800 Uncommon trap: reason=bimorphic_or_optimized_type_check action=maybe_recompile pc=0x000002140bf15d84 method=java.util.zip.DeflaterOutputStream.deflate()V @ 32 c2
Event: 147.264 Thread 0x0000021422800800 DEOPT PACKING pc=0x000002140bf15d84 sp=0x00000077bf7feac0
Event: 147.264 Thread 0x0000021422800800 DEOPT UNPACKING pc=0x0000021403a7a1af sp=0x00000077bf7fea98 mode 2
Event: 147.266 Thread 0x0000021422800800 Uncommon trap: trap_request=0xffffffc6 fr.pc=0x000002140bf15d84 relative=0x0000000000000e84
Event: 147.266 Thread 0x0000021422800800 Uncommon trap: reason=bimorphic_or_optimized_type_check action=maybe_recompile pc=0x000002140bf15d84 method=java.util.zip.DeflaterOutputStream.deflate()V @ 32 c2
Event: 147.266 Thread 0x0000021422800800 DEOPT PACKING pc=0x000002140bf15d84 sp=0x00000077bf7feac0
Event: 147.266 Thread 0x0000021422800800 DEOPT UNPACKING pc=0x0000021403a7a1af sp=0x00000077bf7fea98 mode 2
Event: 147.266 Thread 0x0000021422800800 Uncommon trap: trap_request=0xffffffc6 fr.pc=0x000002140bf15d84 relative=0x0000000000000e84
Event: 147.266 Thread 0x0000021422800800 Uncommon trap: reason=bimorphic_or_optimized_type_check action=maybe_recompile pc=0x000002140bf15d84 method=java.util.zip.DeflaterOutputStream.deflate()V @ 32 c2
Event: 147.266 Thread 0x0000021422800800 DEOPT PACKING pc=0x000002140bf15d84 sp=0x00000077bf7feac0
Event: 147.266 Thread 0x0000021422800800 DEOPT UNPACKING pc=0x0000021403a7a1af sp=0x00000077bf7fea98 mode 2
Event: 147.267 Thread 0x00000214227fe000 Uncommon trap: trap_request=0xffffffc6 fr.pc=0x000002140bf15d84 relative=0x0000000000000e84
Event: 147.267 Thread 0x00000214227fe000 Uncommon trap: reason=bimorphic_or_optimized_type_check action=maybe_recompile pc=0x000002140bf15d84 method=java.util.zip.DeflaterOutputStream.deflate()V @ 32 c2
Event: 147.267 Thread 0x00000214227fe000 DEOPT PACKING pc=0x000002140bf15d84 sp=0x00000077bf6fec40
Event: 147.267 Thread 0x00000214227fe000 DEOPT UNPACKING pc=0x0000021403a7a1af sp=0x00000077bf6fec18 mode 2

Classes redefined (0 events):
No events

Internal exceptions (20 events):
Event: 139.640 Thread 0x00000214227fe000 Implicit null exception at 0x000002140be88150 to 0x000002140be881a8
Event: 141.251 Thread 0x00000214227fe000 Exception <a 'sun/nio/fs/WindowsException'{0x000000008dc9a7f0}> (0x000000008dc9a7f0) thrown at [./src/hotspot/share/prims/jni.cpp, line 615]
Event: 142.067 Thread 0x00000214227ff800 Exception <a 'sun/nio/fs/WindowsException'{0x000000008fe50b50}> (0x000000008fe50b50) thrown at [./src/hotspot/share/prims/jni.cpp, line 615]
Event: 142.095 Thread 0x00000214227ff800 Exception <a 'sun/nio/fs/WindowsException'{0x000000008f637d68}> (0x000000008f637d68) thrown at [./src/hotspot/share/prims/jni.cpp, line 615]
Event: 142.139 Thread 0x00000214227fe000 Exception <a 'sun/nio/fs/WindowsException'{0x000000008f0b0948}> (0x000000008f0b0948) thrown at [./src/hotspot/share/prims/jni.cpp, line 615]
Event: 142.227 Thread 0x00000214227fb800 Exception <a 'sun/nio/fs/WindowsException'{0x000000008e395ee0}> (0x000000008e395ee0) thrown at [./src/hotspot/share/prims/jni.cpp, line 615]
Event: 142.237 Thread 0x00000214227fb800 Exception <a 'sun/nio/fs/WindowsException'{0x000000008e3f4990}> (0x000000008e3f4990) thrown at [./src/hotspot/share/prims/jni.cpp, line 615]
Event: 146.403 Thread 0x000002141eea9000 Exception <a 'sun/nio/fs/WindowsException'{0x000000008f5af1f0}> (0x000000008f5af1f0) thrown at [./src/hotspot/share/prims/jni.cpp, line 615]
Event: 146.403 Thread 0x000002141eea9000 Exception <a 'sun/nio/fs/WindowsException'{0x000000008f5b0060}> (0x000000008f5b0060) thrown at [./src/hotspot/share/prims/jni.cpp, line 615]
Event: 146.687 Thread 0x000002141eea9000 Exception <a 'java/lang/NoSuchMethodError'{0x000000008ec89d48}: <clinit>> (0x000000008ec89d48) thrown at [./src/hotspot/share/prims/jni.cpp, line 1365]
Event: 146.688 Thread 0x000002141eea9000 Exception <a 'java/lang/NoSuchMethodError'{0x000000008ec9c4d8}: <clinit>> (0x000000008ec9c4d8) thrown at [./src/hotspot/share/prims/jni.cpp, line 1365]
Event: 146.891 Thread 0x00000214227ff800 Exception <a 'sun/nio/fs/WindowsException'{0x000000008e7f26b8}> (0x000000008e7f26b8) thrown at [./src/hotspot/share/prims/jni.cpp, line 615]
Event: 146.901 Thread 0x00000214227ff800 Implicit null exception at 0x000002140bbe0fb4 to 0x000002140bbe3658
Event: 147.005 Thread 0x00000214227ff800 Exception <a 'java/lang/NoSuchMethodError'{0x000000008e3feb90}: 'java.lang.Object java.lang.invoke.DirectMethodHandle$Holder.invokeStatic(java.lang.Object, java.lang.Object, java.lang.Object, java.lang.Object, java.lang.Object, int, java.lang.Object)'> (0x000000008e3feb90) thrown at [./src/hotspot/share/interpreter/linkResolver.cpp, line 773]
Event: 147.006 Thread 0x00000214227ff800 Exception <a 'java/lang/NoSuchMethodError'{0x000000008e206240}: 'java.lang.Object java.lang.invoke.Invokers$Holder.linkToTargetMethod(java.lang.Object, java.lang.Object, java.lang.Object, java.lang.Object, int, java.lang.Object, java.lang.Object)'> (0x000000008e206240) thrown at [./src/hotspot/share/interpreter/linkResolver.cpp, line 773]
Event: 147.080 Thread 0x00000214227ff800 Exception <a 'java/lang/NoSuchMethodError'{0x000000008dff4da0}: 'java.lang.Object java.lang.invoke.DirectMethodHandle$Holder.invokeStatic(java.lang.Object, java.lang.Object, java.lang.Object, java.lang.Object, java.lang.Object, java.lang.Object, java.lang.Object, int)'> (0x000000008dff4da0) thrown at [./src/hotspot/share/interpreter/linkResolver.cpp, line 773]
Event: 147.080 Thread 0x00000214227ff800 Exception <a 'java/lang/NoSuchMethodError'{0x000000008dff91d8}: 'java.lang.Object java.lang.invoke.DirectMethodHandle$Holder.invokeSpecial(java.lang.Object, java.lang.Object, java.lang.Object, java.lang.Object, java.lang.Object, java.lang.Object, java.lang.Object, java.lang.Object, int)'> (0x000000008dff91d8) thrown at [./src/hotspot/share/interpreter/linkResolver.cpp, line 773]
Event: 147.080 Thread 0x00000214227ff800 Exception <a 'java/lang/NoSuchMethodError'{0x000000008dffd1e8}: 'java.lang.Object java.lang.invoke.Invokers$Holder.linkToTargetMethod(java.lang.Object, java.lang.Object, java.lang.Object, java.lang.Object, java.lang.Object, java.lang.Object, int, java.lang.Object)'> (0x000000008dffd1e8) thrown at [./src/hotspot/share/interpreter/linkResolver.cpp, line 773]
Event: 147.214 Thread 0x00000214227ff800 Exception <a 'sun/nio/fs/WindowsException'{0x000000008d7f9590}> (0x000000008d7f9590) thrown at [./src/hotspot/share/prims/jni.cpp, line 615]
Event: 147.214 Thread 0x00000214227ff800 Exception <a 'sun/nio/fs/WindowsException'{0x000000008d7f9610}> (0x000000008d7f9610) thrown at [./src/hotspot/share/prims/jni.cpp, line 615]

Events (20 events):
Event: 147.265 Executing VM operation: RevokeBias
Event: 147.265 Executing VM operation: RevokeBias done
Event: 147.266 Executing VM operation: RevokeBias
Event: 147.266 Executing VM operation: RevokeBias done
Event: 147.267 Executing VM operation: G1CollectForAllocation
Event: 147.268 Executing VM operation: G1CollectForAllocation done
Event: 147.269 Executing VM operation: G1CollectForAllocation
Event: 147.278 Executing VM operation: G1CollectForAllocation done
Event: 147.313 Executing VM operation: G1CollectForAllocation
Event: 147.313 Executing VM operation: G1CollectForAllocation done
Event: 147.365 loading class com/google/common/collect/Maps$IteratorBasedAbstractMap$1
Event: 147.365 loading class com/google/common/collect/Maps$IteratorBasedAbstractMap$1 done
Event: 147.365 loading class com/google/common/collect/HashBiMap$1
Event: 147.365 loading class com/google/common/collect/HashBiMap$1 done
Event: 147.366 loading class com/google/common/collect/HashBiMap$Itr
Event: 147.366 loading class com/google/common/collect/HashBiMap$Itr done
Event: 147.366 loading class com/google/common/collect/HashBiMap$1$MapEntry
Event: 147.366 loading class com/google/common/collect/HashBiMap$1$MapEntry done
Event: 147.367 Executing VM operation: Deoptimize
Event: 147.368 Executing VM operation: Deoptimize done


Dynamic libraries:
0x00007ff7fa2f0000 - 0x00007ff7fa2fa000 	C:\Users\Admin\AppData\Local\JetBrains\Toolbox\apps\AndroidStudio\ch-0\212.5712.43.2112.8609683\jre\bin\java.exe
0x00007fff163b0000 - 0x00007fff1659d000 	C:\Windows\SYSTEM32\ntdll.dll
0x00007fff137e0000 - 0x00007fff13894000 	C:\Windows\System32\KERNEL32.DLL
0x00007fff12540000 - 0x00007fff127d4000 	C:\Windows\System32\KERNELBASE.dll
0x00007fff134e0000 - 0x00007fff135da000 	C:\Windows\System32\ucrtbase.dll
0x00007ffeee310000 - 0x00007ffeee329000 	C:\Users\Admin\AppData\Local\JetBrains\Toolbox\apps\AndroidStudio\ch-0\212.5712.43.2112.8609683\jre\bin\jli.dll
0x00007fff15a50000 - 0x00007fff15be7000 	C:\Windows\System32\USER32.dll
0x00007fff13250000 - 0x00007fff13270000 	C:\Windows\System32\win32u.dll
0x00007fff13b40000 - 0x00007fff13b69000 	C:\Windows\System32\GDI32.dll
0x00007fff130b0000 - 0x00007fff1324c000 	C:\Windows\System32\gdi32full.dll
0x00007fff127e0000 - 0x00007fff12880000 	C:\Windows\System32\msvcp_win.dll
0x00007fff0cdc0000 - 0x00007fff0cdd7000 	C:\Users\Admin\AppData\Local\JetBrains\Toolbox\apps\AndroidStudio\ch-0\212.5712.43.2112.8609683\jre\bin\VCRUNTIME140.dll
0x00007ffefd950000 - 0x00007ffefdbc9000 	C:\Windows\WinSxS\amd64_microsoft.windows.common-controls_6595b64144ccf1df_6.0.17763.2300_none_de6de3f4534e3b8d\COMCTL32.dll
0x00007fff15530000 - 0x00007fff155ce000 	C:\Windows\System32\msvcrt.dll
0x00007fff15200000 - 0x00007fff1552d000 	C:\Windows\System32\combase.dll
0x00007fff16160000 - 0x00007fff1627f000 	C:\Windows\System32\RPCRT4.dll
0x00007fff124b0000 - 0x00007fff12532000 	C:\Windows\System32\bcryptPrimitives.dll
0x00007fff137b0000 - 0x00007fff137de000 	C:\Windows\System32\IMM32.DLL
0x00007fff0c5c0000 - 0x00007fff0c65d000 	C:\Users\Admin\AppData\Local\JetBrains\Toolbox\apps\AndroidStudio\ch-0\212.5712.43.2112.8609683\jre\bin\msvcp140.dll
0x00007ffee2c60000 - 0x00007ffee3745000 	C:\Users\Admin\AppData\Local\JetBrains\Toolbox\apps\AndroidStudio\ch-0\212.5712.43.2112.8609683\jre\bin\server\jvm.dll
0x00007fff15150000 - 0x00007fff151f4000 	C:\Windows\System32\ADVAPI32.dll
0x00007fff162e0000 - 0x00007fff1637e000 	C:\Windows\System32\sechost.dll
0x00007fff15f10000 - 0x00007fff15f18000 	C:\Windows\System32\PSAPI.DLL
0x00007fff0b1e0000 - 0x00007fff0b204000 	C:\Windows\SYSTEM32\WINMM.dll
0x00007fff04620000 - 0x00007fff0462a000 	C:\Windows\SYSTEM32\VERSION.dll
0x00007fff0b1b0000 - 0x00007fff0b1dd000 	C:\Windows\SYSTEM32\WINMMBASE.dll
0x00007fff13470000 - 0x00007fff134ba000 	C:\Windows\System32\cfgmgr32.dll
0x00007fff0c6b0000 - 0x00007fff0c6b9000 	C:\Windows\SYSTEM32\WSOCK32.dll
0x00007fff150e0000 - 0x00007fff1514d000 	C:\Windows\System32\WS2_32.dll
0x00007fff12400000 - 0x00007fff12411000 	C:\Windows\System32\kernel.appcore.dll
0x00007fff0c690000 - 0x00007fff0c6a1000 	C:\Users\Admin\AppData\Local\JetBrains\Toolbox\apps\AndroidStudio\ch-0\212.5712.43.2112.8609683\jre\bin\verify.dll
0x00007fff10c80000 - 0x00007fff10e6d000 	C:\Windows\SYSTEM32\DBGHELP.DLL
0x00007ffef9e80000 - 0x00007ffef9eaa000 	C:\Windows\SYSTEM32\dbgcore.DLL
0x00007fff0c660000 - 0x00007fff0c689000 	C:\Users\Admin\AppData\Local\JetBrains\Toolbox\apps\AndroidStudio\ch-0\212.5712.43.2112.8609683\jre\bin\java.dll
0x00007ffefd560000 - 0x00007ffefd56b000 	C:\Users\Admin\AppData\Local\JetBrains\Toolbox\apps\AndroidStudio\ch-0\212.5712.43.2112.8609683\jre\bin\jimage.dll
0x00007ffeec8b0000 - 0x00007ffeec8c8000 	C:\Users\Admin\AppData\Local\JetBrains\Toolbox\apps\AndroidStudio\ch-0\212.5712.43.2112.8609683\jre\bin\zip.dll
0x00007fff13b70000 - 0x00007fff15069000 	C:\Windows\System32\SHELL32.dll
0x00007fff15e60000 - 0x00007fff15f08000 	C:\Windows\System32\shcore.dll
0x00007fff12960000 - 0x00007fff130aa000 	C:\Windows\System32\windows.storage.dll
0x00007fff12420000 - 0x00007fff12444000 	C:\Windows\System32\profapi.dll
0x00007fff12380000 - 0x00007fff123dd000 	C:\Windows\System32\powrprof.dll
0x00007fff138a0000 - 0x00007fff138f2000 	C:\Windows\System32\shlwapi.dll
0x00007fff134c0000 - 0x00007fff134d7000 	C:\Windows\System32\cryptsp.dll
0x00007ffeeaa50000 - 0x00007ffeeaa6a000 	C:\Users\Admin\AppData\Local\JetBrains\Toolbox\apps\AndroidStudio\ch-0\212.5712.43.2112.8609683\jre\bin\net.dll
0x00007fff093b0000 - 0x00007fff094a1000 	C:\Windows\SYSTEM32\WINHTTP.dll
0x00007fff11b70000 - 0x00007fff11bd7000 	C:\Windows\system32\mswsock.dll
0x00007ffee9710000 - 0x00007ffee9724000 	C:\Users\Admin\AppData\Local\JetBrains\Toolbox\apps\AndroidStudio\ch-0\212.5712.43.2112.8609683\jre\bin\nio.dll
0x00007fff0cde0000 - 0x00007fff0ce07000 	C:\Users\Admin\.gradle\native\e1d6ef7f7dcc3fd88c89a11ec53ec762bb8ba0a96d01ffa2cd45eb1d1d8dd5c5\windows-amd64\native-platform.dll
0x00007fff0c470000 - 0x00007fff0c5b4000 	C:\Users\Admin\.gradle\native\5664cfc778a61ccfe75a443a1ab52a65af34e5dc3c78e0209fed803814484fcb\windows-amd64\native-platform-file-events.dll
0x00007ffefaed0000 - 0x00007ffefaeda000 	C:\Users\Admin\AppData\Local\JetBrains\Toolbox\apps\AndroidStudio\ch-0\212.5712.43.2112.8609683\jre\bin\management.dll
0x00007ffefa950000 - 0x00007ffefa95d000 	C:\Users\Admin\AppData\Local\JetBrains\Toolbox\apps\AndroidStudio\ch-0\212.5712.43.2112.8609683\jre\bin\management_ext.dll
0x00007fff11700000 - 0x00007fff11733000 	C:\Windows\system32\rsaenh.dll
0x00007fff12880000 - 0x00007fff128a6000 	C:\Windows\System32\bcrypt.dll
0x00007fff12280000 - 0x00007fff122a9000 	C:\Windows\SYSTEM32\USERENV.dll
0x00007fff121c0000 - 0x00007fff121cc000 	C:\Windows\SYSTEM32\CRYPTBASE.dll
0x00007fff11890000 - 0x00007fff118cd000 	C:\Windows\SYSTEM32\IPHLPAPI.DLL
0x00007fff15c70000 - 0x00007fff15c78000 	C:\Windows\System32\NSI.dll
0x00007fff0bc80000 - 0x00007fff0bc96000 	C:\Windows\SYSTEM32\dhcpcsvc6.DLL
0x00007fff0bc60000 - 0x00007fff0bc7c000 	C:\Windows\SYSTEM32\dhcpcsvc.DLL
0x00007fff118d0000 - 0x00007fff11996000 	C:\Windows\SYSTEM32\DNSAPI.dll
0x00007ffee89e0000 - 0x00007ffee8a07000 	C:\Users\Admin\AppData\Local\JetBrains\Toolbox\apps\AndroidStudio\ch-0\212.5712.43.2112.8609683\jre\bin\sunec.dll

dbghelp: loaded successfully - version: 4.0.5 - missing functions: none
symbol engine: initialized successfully - sym options: 0x614 - pdb path: .;C:\Users\Admin\AppData\Local\JetBrains\Toolbox\apps\AndroidStudio\ch-0\212.5712.43.2112.8609683\jre\bin;C:\Windows\SYSTEM32;C:\Windows\WinSxS\amd64_microsoft.windows.common-controls_6595b64144ccf1df_6.0.17763.2300_none_de6de3f4534e3b8d;C:\Users\Admin\AppData\Local\JetBrains\Toolbox\apps\AndroidStudio\ch-0\212.5712.43.2112.8609683\jre\bin\server;C:\Users\Admin\.gradle\native\e1d6ef7f7dcc3fd88c89a11ec53ec762bb8ba0a96d01ffa2cd45eb1d1d8dd5c5\windows-amd64;C:\Users\Admin\.gradle\native\5664cfc778a61ccfe75a443a1ab52a65af34e5dc3c78e0209fed803814484fcb\windows-amd64

VM Arguments:
jvm_args: --add-opens=java.base/java.util=ALL-UNNAMED --add-opens=java.base/java.lang=ALL-UNNAMED --add-opens=java.base/java.lang.invoke=ALL-UNNAMED --add-opens=java.base/java.util=ALL-UNNAMED --add-opens=java.prefs/java.util.prefs=ALL-UNNAMED --add-opens=java.prefs/java.util.prefs=ALL-UNNAMED --add-opens=java.base/java.nio.charset=ALL-UNNAMED --add-opens=java.base/java.net=ALL-UNNAMED --add-opens=java.base/java.util.concurrent.atomic=ALL-UNNAMED -Xmx2048m -Dfile.encoding=UTF-8 -Duser.country=US -Duser.language=en -Duser.variant 
java_command: org.gradle.launcher.daemon.bootstrap.GradleDaemon 7.3.3
java_class_path (initial): C:\Users\Admin\.gradle\wrapper\dists\gradle-7.3.3-bin\6a41zxkdtcxs8rphpq6y0069z\gradle-7.3.3\lib\gradle-launcher-7.3.3.jar
Launcher Type: SUN_STANDARD

[Global flags]
     intx CICompilerCount                          = 3                                         {product} {ergonomic}
     uint ConcGCThreads                            = 1                                         {product} {ergonomic}
     uint G1ConcRefinementThreads                  = 4                                         {product} {ergonomic}
   size_t G1HeapRegionSize                         = 1048576                                   {product} {ergonomic}
    uintx GCDrainStackTargetSize                   = 64                                        {product} {ergonomic}
   size_t InitialHeapSize                          = 134217728                                 {product} {ergonomic}
   size_t MarkStackSize                            = 4194304                                   {product} {ergonomic}
   size_t MaxHeapSize                              = 2147483648                                {product} {command line}
   size_t MaxNewSize                               = 1287651328                                {product} {ergonomic}
   size_t MinHeapDeltaBytes                        = 1048576                                   {product} {ergonomic}
    uintx NonNMethodCodeHeapSize                   = 5830732                                {pd product} {ergonomic}
    uintx NonProfiledCodeHeapSize                  = 122913754                              {pd product} {ergonomic}
    uintx ProfiledCodeHeapSize                     = 122913754                              {pd product} {ergonomic}
    uintx ReservedCodeCacheSize                    = 251658240                              {pd product} {ergonomic}
     bool SegmentedCodeCache                       = true                                      {product} {ergonomic}
     bool UseCompressedClassPointers               = true                                 {lp64_product} {ergonomic}
     bool UseCompressedOops                        = true                                 {lp64_product} {ergonomic}
     bool UseG1GC                                  = true                                      {product} {ergonomic}
     bool UseLargePagesIndividualAllocation        = false                                  {pd product} {ergonomic}

Logging:
Log output configuration:
 #0: stdout all=warning uptime,level,tags
 #1: stderr all=off uptime,level,tags

Environment Variables:
PATH=C:\Program Files\Common Files\Oracle\Java\javapath;C:\Python310\Scripts\;C:\Python310\;C:\Windows\system32;C:\Windows;C:\Windows\System32\Wbem;C:\Windows\System32\WindowsPowerShell\v1.0\;C:\Windows\System32\OpenSSH\;C:\ProgramData\chocolatey\bin;C:\Program Files (x86)\Yarn\bin\;C:\Program Files (x86)\Intel\Intel(R) Management Engine Components\DAL;C:\Program Files\Intel\Intel(R) Management Engine Components\DAL;C:\Users\Admin\AppData\Roaming\nvm;C:\msys64;C:\tools\BCURRAN3;C:\kotlinc\bin;C:\msys64\mingw64\bin;C:\Users\Admin\.cargo\bin;C:\Program Files\LLVM\bin;C:\Users\Admin\AppData\Local\Programs\Microsoft VS Code\bin;C:\Users\Admin\AppData\Roaming\nvm;C:\Program Files\nodejs;C:\Program Files\Notepad++;C:\Program Files\Git\cmd;C:\Users\Admin\AppData\Local\Programs\Python\Python310\Scripts\;C:\Users\Admin\AppData\Local\Programs\Python\Python310\;C:\Users\Admin\.local\share\solana\install\active_release\bin;C:\Users\Admin\.cargo\bin;C:\Users\Admin\scoop\shims;C:\Program Files\MongoDB\Server\5.0\bin;C:\Users\Admin\AppData\Roaming\cabal\bin;C:\Users\Admin\AppData\Roaming\nvm;C:\Program Files\nodejs;C:\Program Files\heroku\bin;C:\Users\Admin\AppData\Local\Programs\Microsoft VS Code\bin;C:\tools\dart-sdk\bin;C:\Users\Admin\AppData\Roaming\Pub\Cache\bin;C:\flutter\bin;C:\MinGW\bin;;D:\IntelliJ\IntelliJ IDEA Community Edition 2022.1.2\bin;
USERNAME=Admin
OS=Windows_NT
PROCESSOR_IDENTIFIER=Intel64 Family 6 Model 94 Stepping 3, GenuineIntel



---------------  S Y S T E M  ---------------

OS: Windows 10 , 64 bit Build 17763 (10.0.17763.2300)
OS uptime: 2 days 1:47 hours

CPU:total 4 (initial active 4) (4 cores per cpu, 2 threads per core) family 6 model 94 stepping 3 microcode 0xea, cmov, cx8, fxsr, mmx, sse, sse2, sse3, ssse3, sse4.1, sse4.2, popcnt, avx, avx2, aes, clmul, erms, rtm, 3dnowpref, lzcnt, ht, tsc, tscinvbit, bmi1, bmi2, adx, fma

Memory: 4k page, system-wide physical 8083M (413M free)
TotalPageFile size 11219M (AvailPageFile size 5M)
current process WorkingSet (physical memory assigned to process): 653M, peak: 653M
current process commit charge ("private bytes"): 687M, peak: 688M

vm_info: OpenJDK 64-Bit Server VM (11.0.12+7-b1504.28-7817840) for windows-amd64 JRE (11.0.12+7-b1504.28-7817840), built on Oct 13 2021 22:12:33 by "builder" with MS VC++ 14.0 (VS2015)

END.
